CRITICAL - 2021-07-22 05:49:19 --> Undefined property: App\Controllers\Profile::$users
#0 C:\xampp\htdocs\mdmreport 6\mdmreport\app\Controllers\Profile.php(10): CodeIgniter\Debug\Exceptions->errorHandler(2, 'Undefined prope...', 'C:\\xampp\\htdocs...', 10)
#1 C:\xampp\htdocs\mdmreport 6\mdmreport\vendor\codeigniter4\framework\system\CodeIgniter.php(928): App\Controllers\Profile->index()
#2 C:\xampp\htdocs\mdmreport 6\mdmreport\vendor\codeigniter4\framework\system\CodeIgniter.php(436): CodeIgniter\CodeIgniter->runController(Object(App\Controllers\Profile))
#3 C:\xampp\htdocs\mdmreport 6\mdmreport\vendor\codeigniter4\framework\system\CodeIgniter.php(336): CodeIgniter\CodeIgniter->handleRequest(NULL, Object(Config\Cache), false)
#4 C:\xampp\htdocs\mdmreport 6\mdmreport\public\index.php(37): CodeIgniter\CodeIgniter->run()
#5 C:\xampp\htdocs\mdmreport 6\mdmreport\vendor\codeigniter4\framework\system\Commands\Server\rewrite.php(45): require_once('C:\\xampp\\htdocs...')
#6 {main}
CRITICAL - 2021-07-22 05:50:30 --> Call to undefined method App\Models\UsersModel::getInfo
#0 C:\xampp\htdocs\mdmreport 6\mdmreport\app\Controllers\Profile.php(11): CodeIgniter\Model->__call('getInfo', Array)
#1 C:\xampp\htdocs\mdmreport 6\mdmreport\vendor\codeigniter4\framework\system\CodeIgniter.php(928): App\Controllers\Profile->index()
#2 C:\xampp\htdocs\mdmreport 6\mdmreport\vendor\codeigniter4\framework\system\CodeIgniter.php(436): CodeIgniter\CodeIgniter->runController(Object(App\Controllers\Profile))
#3 C:\xampp\htdocs\mdmreport 6\mdmreport\vendor\codeigniter4\framework\system\CodeIgniter.php(336): CodeIgniter\CodeIgniter->handleRequest(NULL, Object(Config\Cache), false)
#4 C:\xampp\htdocs\mdmreport 6\mdmreport\public\index.php(37): CodeIgniter\CodeIgniter->run()
#5 C:\xampp\htdocs\mdmreport 6\mdmreport\vendor\codeigniter4\framework\system\Commands\Server\rewrite.php(45): require_once('C:\\xampp\\htdocs...')
#6 {main}
CRITICAL - 2021-07-22 05:50:59 --> Class "App\Controllers\UsersModel" not found
#0 C:\xampp\htdocs\mdmreport 6\mdmreport\vendor\codeigniter4\framework\system\CodeIgniter.php(928): App\Controllers\Profile->index()
#1 C:\xampp\htdocs\mdmreport 6\mdmreport\vendor\codeigniter4\framework\system\CodeIgniter.php(436): CodeIgniter\CodeIgniter->runController(Object(App\Controllers\Profile))
#2 C:\xampp\htdocs\mdmreport 6\mdmreport\vendor\codeigniter4\framework\system\CodeIgniter.php(336): CodeIgniter\CodeIgniter->handleRequest(NULL, Object(Config\Cache), false)
#3 C:\xampp\htdocs\mdmreport 6\mdmreport\public\index.php(37): CodeIgniter\CodeIgniter->run()
#4 C:\xampp\htdocs\mdmreport 6\mdmreport\vendor\codeigniter4\framework\system\Commands\Server\rewrite.php(45): require_once('C:\\xampp\\htdocs...')
#5 {main}
ERROR - 2021-07-22 05:51:12 --> Unknown column 'user5' in 'where clause'
CRITICAL - 2021-07-22 05:51:12 --> Unknown column 'user5' in 'where clause'
#0 C:\xampp\htdocs\mdmreport 6\mdmreport\vendor\codeigniter4\framework\system\Database\MySQLi\Connection.php(329): mysqli->query('SELECT * FROM u...')
#1 C:\xampp\htdocs\mdmreport 6\mdmreport\vendor\codeigniter4\framework\system\Database\BaseConnection.php(732): CodeIgniter\Database\MySQLi\Connection->execute('SELECT * FROM u...')
#2 C:\xampp\htdocs\mdmreport 6\mdmreport\vendor\codeigniter4\framework\system\Database\BaseConnection.php(647): CodeIgniter\Database\BaseConnection->simpleQuery('SELECT * FROM u...')
#3 C:\xampp\htdocs\mdmreport 6\mdmreport\app\Models\ProfileModel.php(18): CodeIgniter\Database\BaseConnection->query('SELECT * FROM u...')
#4 C:\xampp\htdocs\mdmreport 6\mdmreport\app\Controllers\Profile.php(11): App\Models\ProfileModel->getInfo()
#5 C:\xampp\htdocs\mdmreport 6\mdmreport\vendor\codeigniter4\framework\system\CodeIgniter.php(928): App\Controllers\Profile->index()
#6 C:\xampp\htdocs\mdmreport 6\mdmreport\vendor\codeigniter4\framework\system\CodeIgniter.php(436): CodeIgniter\CodeIgniter->runController(Object(App\Controllers\Profile))
#7 C:\xampp\htdocs\mdmreport 6\mdmreport\vendor\codeigniter4\framework\system\CodeIgniter.php(336): CodeIgniter\CodeIgniter->handleRequest(NULL, Object(Config\Cache), false)
#8 C:\xampp\htdocs\mdmreport 6\mdmreport\public\index.php(37): CodeIgniter\CodeIgniter->run()
#9 C:\xampp\htdocs\mdmreport 6\mdmreport\vendor\codeigniter4\framework\system\Commands\Server\rewrite.php(45): require_once('C:\\xampp\\htdocs...')
#10 {main}
ERROR - 2021-07-22 05:51:33 --> You have an error in your SQL syntax; check the manual that corresponds to your MariaDB server version for the right syntax to use near '= user5' at line 1
CRITICAL - 2021-07-22 05:51:33 --> You have an error in your SQL syntax; check the manual that corresponds to your MariaDB server version for the right syntax to use near '= user5' at line 1
#0 C:\xampp\htdocs\mdmreport 6\mdmreport\vendor\codeigniter4\framework\system\Database\MySQLi\Connection.php(329): mysqli->query('SELECT * FROM u...')
#1 C:\xampp\htdocs\mdmreport 6\mdmreport\vendor\codeigniter4\framework\system\Database\BaseConnection.php(732): CodeIgniter\Database\MySQLi\Connection->execute('SELECT * FROM u...')
#2 C:\xampp\htdocs\mdmreport 6\mdmreport\vendor\codeigniter4\framework\system\Database\BaseConnection.php(647): CodeIgniter\Database\BaseConnection->simpleQuery('SELECT * FROM u...')
#3 C:\xampp\htdocs\mdmreport 6\mdmreport\app\Models\ProfileModel.php(18): CodeIgniter\Database\BaseConnection->query('SELECT * FROM u...')
#4 C:\xampp\htdocs\mdmreport 6\mdmreport\app\Controllers\Profile.php(11): App\Models\ProfileModel->getInfo()
#5 C:\xampp\htdocs\mdmreport 6\mdmreport\vendor\codeigniter4\framework\system\CodeIgniter.php(928): App\Controllers\Profile->index()
#6 C:\xampp\htdocs\mdmreport 6\mdmreport\vendor\codeigniter4\framework\system\CodeIgniter.php(436): CodeIgniter\CodeIgniter->runController(Object(App\Controllers\Profile))
#7 C:\xampp\htdocs\mdmreport 6\mdmreport\vendor\codeigniter4\framework\system\CodeIgniter.php(336): CodeIgniter\CodeIgniter->handleRequest(NULL, Object(Config\Cache), false)
#8 C:\xampp\htdocs\mdmreport 6\mdmreport\public\index.php(37): CodeIgniter\CodeIgniter->run()
#9 C:\xampp\htdocs\mdmreport 6\mdmreport\vendor\codeigniter4\framework\system\Commands\Server\rewrite.php(45): require_once('C:\\xampp\\htdocs...')
#10 {main}
ERROR - 2021-07-22 05:51:39 --> Unknown column 'user5' in 'where clause'
CRITICAL - 2021-07-22 05:51:39 --> Unknown column 'user5' in 'where clause'
#0 C:\xampp\htdocs\mdmreport 6\mdmreport\vendor\codeigniter4\framework\system\Database\MySQLi\Connection.php(329): mysqli->query('SELECT * FROM u...')
#1 C:\xampp\htdocs\mdmreport 6\mdmreport\vendor\codeigniter4\framework\system\Database\BaseConnection.php(732): CodeIgniter\Database\MySQLi\Connection->execute('SELECT * FROM u...')
#2 C:\xampp\htdocs\mdmreport 6\mdmreport\vendor\codeigniter4\framework\system\Database\BaseConnection.php(647): CodeIgniter\Database\BaseConnection->simpleQuery('SELECT * FROM u...')
#3 C:\xampp\htdocs\mdmreport 6\mdmreport\app\Models\ProfileModel.php(18): CodeIgniter\Database\BaseConnection->query('SELECT * FROM u...')
#4 C:\xampp\htdocs\mdmreport 6\mdmreport\app\Controllers\Profile.php(11): App\Models\ProfileModel->getInfo()
#5 C:\xampp\htdocs\mdmreport 6\mdmreport\vendor\codeigniter4\framework\system\CodeIgniter.php(928): App\Controllers\Profile->index()
#6 C:\xampp\htdocs\mdmreport 6\mdmreport\vendor\codeigniter4\framework\system\CodeIgniter.php(436): CodeIgniter\CodeIgniter->runController(Object(App\Controllers\Profile))
#7 C:\xampp\htdocs\mdmreport 6\mdmreport\vendor\codeigniter4\framework\system\CodeIgniter.php(336): CodeIgniter\CodeIgniter->handleRequest(NULL, Object(Config\Cache), false)
#8 C:\xampp\htdocs\mdmreport 6\mdmreport\public\index.php(37): CodeIgniter\CodeIgniter->run()
#9 C:\xampp\htdocs\mdmreport 6\mdmreport\vendor\codeigniter4\framework\system\Commands\Server\rewrite.php(45): require_once('C:\\xampp\\htdocs...')
#10 {main}
ERROR - 2021-07-22 05:51:49 --> You have an error in your SQL syntax; check the manual that corresponds to your MariaDB server version for the right syntax to use near '' at line 1
CRITICAL - 2021-07-22 05:51:49 --> You have an error in your SQL syntax; check the manual that corresponds to your MariaDB server version for the right syntax to use near '' at line 1
#0 C:\xampp\htdocs\mdmreport 6\mdmreport\vendor\codeigniter4\framework\system\Database\MySQLi\Connection.php(329): mysqli->query('SELECT * FROM u...')
#1 C:\xampp\htdocs\mdmreport 6\mdmreport\vendor\codeigniter4\framework\system\Database\BaseConnection.php(732): CodeIgniter\Database\MySQLi\Connection->execute('SELECT * FROM u...')
#2 C:\xampp\htdocs\mdmreport 6\mdmreport\vendor\codeigniter4\framework\system\Database\BaseConnection.php(647): CodeIgniter\Database\BaseConnection->simpleQuery('SELECT * FROM u...')
#3 C:\xampp\htdocs\mdmreport 6\mdmreport\app\Models\ProfileModel.php(18): CodeIgniter\Database\BaseConnection->query('SELECT * FROM u...')
#4 C:\xampp\htdocs\mdmreport 6\mdmreport\app\Controllers\Profile.php(11): App\Models\ProfileModel->getInfo()
#5 C:\xampp\htdocs\mdmreport 6\mdmreport\vendor\codeigniter4\framework\system\CodeIgniter.php(928): App\Controllers\Profile->index()
#6 C:\xampp\htdocs\mdmreport 6\mdmreport\vendor\codeigniter4\framework\system\CodeIgniter.php(436): CodeIgniter\CodeIgniter->runController(Object(App\Controllers\Profile))
#7 C:\xampp\htdocs\mdmreport 6\mdmreport\vendor\codeigniter4\framework\system\CodeIgniter.php(336): CodeIgniter\CodeIgniter->handleRequest(NULL, Object(Config\Cache), false)
#8 C:\xampp\htdocs\mdmreport 6\mdmreport\public\index.php(37): CodeIgniter\CodeIgniter->run()
#9 C:\xampp\htdocs\mdmreport 6\mdmreport\vendor\codeigniter4\framework\system\Commands\Server\rewrite.php(45): require_once('C:\\xampp\\htdocs...')
#10 {main}
CRITICAL - 2021-07-22 05:53:20 --> Undefined array key "divisi"
#0 C:\xampp\htdocs\mdmreport 6\mdmreport\app\Views\profile.php(17): CodeIgniter\Debug\Exceptions->errorHandler(2, 'Undefined array...', 'C:\\xampp\\htdocs...', 17)
#1 C:\xampp\htdocs\mdmreport 6\mdmreport\vendor\codeigniter4\framework\system\View\View.php(230): include('C:\\xampp\\htdocs...')
#2 C:\xampp\htdocs\mdmreport 6\mdmreport\vendor\codeigniter4\framework\system\View\View.php(232): CodeIgniter\View\View->CodeIgniter\View\{closure}()
#3 C:\xampp\htdocs\mdmreport 6\mdmreport\vendor\codeigniter4\framework\system\Common.php(1271): CodeIgniter\View\View->render('profile', Array, true)
#4 C:\xampp\htdocs\mdmreport 6\mdmreport\app\Controllers\Profile.php(12): view('profile', Array)
#5 C:\xampp\htdocs\mdmreport 6\mdmreport\vendor\codeigniter4\framework\system\CodeIgniter.php(928): App\Controllers\Profile->index()
#6 C:\xampp\htdocs\mdmreport 6\mdmreport\vendor\codeigniter4\framework\system\CodeIgniter.php(436): CodeIgniter\CodeIgniter->runController(Object(App\Controllers\Profile))
#7 C:\xampp\htdocs\mdmreport 6\mdmreport\vendor\codeigniter4\framework\system\CodeIgniter.php(336): CodeIgniter\CodeIgniter->handleRequest(NULL, Object(Config\Cache), false)
#8 C:\xampp\htdocs\mdmreport 6\mdmreport\public\index.php(37): CodeIgniter\CodeIgniter->run()
#9 C:\xampp\htdocs\mdmreport 6\mdmreport\vendor\codeigniter4\framework\system\Commands\Server\rewrite.php(45): require_once('C:\\xampp\\htdocs...')
#10 {main}
CRITICAL - 2021-07-22 05:53:34 --> Undefined array key "divisi"
#0 C:\xampp\htdocs\mdmreport 6\mdmreport\app\Views\profile.php(17): CodeIgniter\Debug\Exceptions->errorHandler(2, 'Undefined array...', 'C:\\xampp\\htdocs...', 17)
#1 C:\xampp\htdocs\mdmreport 6\mdmreport\vendor\codeigniter4\framework\system\View\View.php(230): include('C:\\xampp\\htdocs...')
#2 C:\xampp\htdocs\mdmreport 6\mdmreport\vendor\codeigniter4\framework\system\View\View.php(232): CodeIgniter\View\View->CodeIgniter\View\{closure}()
#3 C:\xampp\htdocs\mdmreport 6\mdmreport\vendor\codeigniter4\framework\system\Common.php(1271): CodeIgniter\View\View->render('profile', Array, true)
#4 C:\xampp\htdocs\mdmreport 6\mdmreport\app\Controllers\Profile.php(12): view('profile', Array)
#5 C:\xampp\htdocs\mdmreport 6\mdmreport\vendor\codeigniter4\framework\system\CodeIgniter.php(928): App\Controllers\Profile->index()
#6 C:\xampp\htdocs\mdmreport 6\mdmreport\vendor\codeigniter4\framework\system\CodeIgniter.php(436): CodeIgniter\CodeIgniter->runController(Object(App\Controllers\Profile))
#7 C:\xampp\htdocs\mdmreport 6\mdmreport\vendor\codeigniter4\framework\system\CodeIgniter.php(336): CodeIgniter\CodeIgniter->handleRequest(NULL, Object(Config\Cache), false)
#8 C:\xampp\htdocs\mdmreport 6\mdmreport\public\index.php(37): CodeIgniter\CodeIgniter->run()
#9 C:\xampp\htdocs\mdmreport 6\mdmreport\vendor\codeigniter4\framework\system\Commands\Server\rewrite.php(45): require_once('C:\\xampp\\htdocs...')
#10 {main}
CRITICAL - 2021-07-22 05:56:02 --> Undefined variable $users
#0 C:\xampp\htdocs\mdmreport 6\mdmreport\app\Views\profile.php(17): CodeIgniter\Debug\Exceptions->errorHandler(2, 'Undefined varia...', 'C:\\xampp\\htdocs...', 17)
#1 C:\xampp\htdocs\mdmreport 6\mdmreport\vendor\codeigniter4\framework\system\View\View.php(230): include('C:\\xampp\\htdocs...')
#2 C:\xampp\htdocs\mdmreport 6\mdmreport\vendor\codeigniter4\framework\system\View\View.php(232): CodeIgniter\View\View->CodeIgniter\View\{closure}()
#3 C:\xampp\htdocs\mdmreport 6\mdmreport\vendor\codeigniter4\framework\system\Common.php(1271): CodeIgniter\View\View->render('profile', Array, true)
#4 C:\xampp\htdocs\mdmreport 6\mdmreport\app\Controllers\Profile.php(11): view('profile')
#5 C:\xampp\htdocs\mdmreport 6\mdmreport\vendor\codeigniter4\framework\system\CodeIgniter.php(928): App\Controllers\Profile->index()
#6 C:\xampp\htdocs\mdmreport 6\mdmreport\vendor\codeigniter4\framework\system\CodeIgniter.php(436): CodeIgniter\CodeIgniter->runController(Object(App\Controllers\Profile))
#7 C:\xampp\htdocs\mdmreport 6\mdmreport\vendor\codeigniter4\framework\system\CodeIgniter.php(336): CodeIgniter\CodeIgniter->handleRequest(NULL, Object(Config\Cache), false)
#8 C:\xampp\htdocs\mdmreport 6\mdmreport\public\index.php(37): CodeIgniter\CodeIgniter->run()
#9 C:\xampp\htdocs\mdmreport 6\mdmreport\vendor\codeigniter4\framework\system\Commands\Server\rewrite.php(45): require_once('C:\\xampp\\htdocs...')
#10 {main}
CRITICAL - 2021-07-22 06:13:19 --> Undefined property: App\Controllers\Profile::$users
#0 C:\xampp\htdocs\mdmreport 6\mdmreport\app\Controllers\Profile.php(10): CodeIgniter\Debug\Exceptions->errorHandler(2, 'Undefined prope...', 'C:\\xampp\\htdocs...', 10)
#1 C:\xampp\htdocs\mdmreport 6\mdmreport\vendor\codeigniter4\framework\system\CodeIgniter.php(928): App\Controllers\Profile->index()
#2 C:\xampp\htdocs\mdmreport 6\mdmreport\vendor\codeigniter4\framework\system\CodeIgniter.php(436): CodeIgniter\CodeIgniter->runController(Object(App\Controllers\Profile))
#3 C:\xampp\htdocs\mdmreport 6\mdmreport\vendor\codeigniter4\framework\system\CodeIgniter.php(336): CodeIgniter\CodeIgniter->handleRequest(NULL, Object(Config\Cache), false)
#4 C:\xampp\htdocs\mdmreport 6\mdmreport\public\index.php(37): CodeIgniter\CodeIgniter->run()
#5 C:\xampp\htdocs\mdmreport 6\mdmreport\vendor\codeigniter4\framework\system\Commands\Server\rewrite.php(45): require_once('C:\\xampp\\htdocs...')
#6 {main}
CRITICAL - 2021-07-22 06:14:12 --> Call to undefined method CodeIgniter\Database\MySQLi\Connection::get()
#0 C:\xampp\htdocs\mdmreport 6\mdmreport\app\Controllers\Profile.php(11): App\Models\UsersModel->getInfo()
#1 C:\xampp\htdocs\mdmreport 6\mdmreport\vendor\codeigniter4\framework\system\CodeIgniter.php(928): App\Controllers\Profile->index()
#2 C:\xampp\htdocs\mdmreport 6\mdmreport\vendor\codeigniter4\framework\system\CodeIgniter.php(436): CodeIgniter\CodeIgniter->runController(Object(App\Controllers\Profile))
#3 C:\xampp\htdocs\mdmreport 6\mdmreport\vendor\codeigniter4\framework\system\CodeIgniter.php(336): CodeIgniter\CodeIgniter->handleRequest(NULL, Object(Config\Cache), false)
#4 C:\xampp\htdocs\mdmreport 6\mdmreport\public\index.php(37): CodeIgniter\CodeIgniter->run()
#5 C:\xampp\htdocs\mdmreport 6\mdmreport\vendor\codeigniter4\framework\system\Commands\Server\rewrite.php(45): require_once('C:\\xampp\\htdocs...')
#6 {main}
CRITICAL - 2021-07-22 06:14:31 --> Call to undefined method CodeIgniter\Database\MySQLi\Connection::select()
#0 C:\xampp\htdocs\mdmreport 6\mdmreport\app\Controllers\Profile.php(11): App\Models\UsersModel->getInfo()
#1 C:\xampp\htdocs\mdmreport 6\mdmreport\vendor\codeigniter4\framework\system\CodeIgniter.php(928): App\Controllers\Profile->index()
#2 C:\xampp\htdocs\mdmreport 6\mdmreport\vendor\codeigniter4\framework\system\CodeIgniter.php(436): CodeIgniter\CodeIgniter->runController(Object(App\Controllers\Profile))
#3 C:\xampp\htdocs\mdmreport 6\mdmreport\vendor\codeigniter4\framework\system\CodeIgniter.php(336): CodeIgniter\CodeIgniter->handleRequest(NULL, Object(Config\Cache), false)
#4 C:\xampp\htdocs\mdmreport 6\mdmreport\public\index.php(37): CodeIgniter\CodeIgniter->run()
#5 C:\xampp\htdocs\mdmreport 6\mdmreport\vendor\codeigniter4\framework\system\Commands\Server\rewrite.php(45): require_once('C:\\xampp\\htdocs...')
#6 {main}
CRITICAL - 2021-07-22 06:16:38 --> Call to undefined method CodeIgniter\Database\MySQLi\Connection::get()
#0 C:\xampp\htdocs\mdmreport 6\mdmreport\app\Controllers\Profile.php(11): App\Models\UsersModel->getInfo()
#1 C:\xampp\htdocs\mdmreport 6\mdmreport\vendor\codeigniter4\framework\system\CodeIgniter.php(928): App\Controllers\Profile->index()
#2 C:\xampp\htdocs\mdmreport 6\mdmreport\vendor\codeigniter4\framework\system\CodeIgniter.php(436): CodeIgniter\CodeIgniter->runController(Object(App\Controllers\Profile))
#3 C:\xampp\htdocs\mdmreport 6\mdmreport\vendor\codeigniter4\framework\system\CodeIgniter.php(336): CodeIgniter\CodeIgniter->handleRequest(NULL, Object(Config\Cache), false)
#4 C:\xampp\htdocs\mdmreport 6\mdmreport\public\index.php(37): CodeIgniter\CodeIgniter->run()
#5 C:\xampp\htdocs\mdmreport 6\mdmreport\vendor\codeigniter4\framework\system\Commands\Server\rewrite.php(45): require_once('C:\\xampp\\htdocs...')
#6 {main}
CRITICAL - 2021-07-22 06:19:05 --> Call to undefined method CodeIgniter\Database\MySQLi\Connection::get()
#0 C:\xampp\htdocs\mdmreport 6\mdmreport\app\Controllers\Profile.php(11): App\Models\UsersModel->getInfo()
#1 C:\xampp\htdocs\mdmreport 6\mdmreport\vendor\codeigniter4\framework\system\CodeIgniter.php(928): App\Controllers\Profile->index()
#2 C:\xampp\htdocs\mdmreport 6\mdmreport\vendor\codeigniter4\framework\system\CodeIgniter.php(436): CodeIgniter\CodeIgniter->runController(Object(App\Controllers\Profile))
#3 C:\xampp\htdocs\mdmreport 6\mdmreport\vendor\codeigniter4\framework\system\CodeIgniter.php(336): CodeIgniter\CodeIgniter->handleRequest(NULL, Object(Config\Cache), false)
#4 C:\xampp\htdocs\mdmreport 6\mdmreport\public\index.php(37): CodeIgniter\CodeIgniter->run()
#5 C:\xampp\htdocs\mdmreport 6\mdmreport\vendor\codeigniter4\framework\system\Commands\Server\rewrite.php(45): require_once('C:\\xampp\\htdocs...')
#6 {main}
CRITICAL - 2021-07-22 06:28:08 --> Call to undefined method CodeIgniter\Database\MySQLi\Builder::row()
#0 C:\xampp\htdocs\mdmreport 6\mdmreport\app\Controllers\Profile.php(11): App\Models\UsersModel->getInfo()
#1 C:\xampp\htdocs\mdmreport 6\mdmreport\vendor\codeigniter4\framework\system\CodeIgniter.php(928): App\Controllers\Profile->index()
#2 C:\xampp\htdocs\mdmreport 6\mdmreport\vendor\codeigniter4\framework\system\CodeIgniter.php(436): CodeIgniter\CodeIgniter->runController(Object(App\Controllers\Profile))
#3 C:\xampp\htdocs\mdmreport 6\mdmreport\vendor\codeigniter4\framework\system\CodeIgniter.php(336): CodeIgniter\CodeIgniter->handleRequest(NULL, Object(Config\Cache), false)
#4 C:\xampp\htdocs\mdmreport 6\mdmreport\public\index.php(37): CodeIgniter\CodeIgniter->run()
#5 C:\xampp\htdocs\mdmreport 6\mdmreport\vendor\codeigniter4\framework\system\Commands\Server\rewrite.php(45): require_once('C:\\xampp\\htdocs...')
#6 {main}
CRITICAL - 2021-07-22 06:28:33 --> Undefined variable $usernow
#0 C:\xampp\htdocs\mdmreport 6\mdmreport\app\Models\UsersModel.php(17): CodeIgniter\Debug\Exceptions->errorHandler(2, 'Undefined varia...', 'C:\\xampp\\htdocs...', 17)
#1 C:\xampp\htdocs\mdmreport 6\mdmreport\app\Controllers\Profile.php(11): App\Models\UsersModel->getInfo()
#2 C:\xampp\htdocs\mdmreport 6\mdmreport\vendor\codeigniter4\framework\system\CodeIgniter.php(928): App\Controllers\Profile->index()
#3 C:\xampp\htdocs\mdmreport 6\mdmreport\vendor\codeigniter4\framework\system\CodeIgniter.php(436): CodeIgniter\CodeIgniter->runController(Object(App\Controllers\Profile))
#4 C:\xampp\htdocs\mdmreport 6\mdmreport\vendor\codeigniter4\framework\system\CodeIgniter.php(336): CodeIgniter\CodeIgniter->handleRequest(NULL, Object(Config\Cache), false)
#5 C:\xampp\htdocs\mdmreport 6\mdmreport\public\index.php(37): CodeIgniter\CodeIgniter->run()
#6 C:\xampp\htdocs\mdmreport 6\mdmreport\vendor\codeigniter4\framework\system\Commands\Server\rewrite.php(45): require_once('C:\\xampp\\htdocs...')
#7 {main}
CRITICAL - 2021-07-22 06:29:03 --> Undefined variable $info
#0 C:\xampp\htdocs\mdmreport 6\mdmreport\app\Views\profile.php(15): CodeIgniter\Debug\Exceptions->errorHandler(2, 'Undefined varia...', 'C:\\xampp\\htdocs...', 15)
#1 C:\xampp\htdocs\mdmreport 6\mdmreport\vendor\codeigniter4\framework\system\View\View.php(230): include('C:\\xampp\\htdocs...')
#2 C:\xampp\htdocs\mdmreport 6\mdmreport\vendor\codeigniter4\framework\system\View\View.php(232): CodeIgniter\View\View->CodeIgniter\View\{closure}()
#3 C:\xampp\htdocs\mdmreport 6\mdmreport\vendor\codeigniter4\framework\system\Common.php(1271): CodeIgniter\View\View->render('profile', Array, true)
#4 C:\xampp\htdocs\mdmreport 6\mdmreport\app\Controllers\Profile.php(12): view('profile')
#5 C:\xampp\htdocs\mdmreport 6\mdmreport\vendor\codeigniter4\framework\system\CodeIgniter.php(928): App\Controllers\Profile->index()
#6 C:\xampp\htdocs\mdmreport 6\mdmreport\vendor\codeigniter4\framework\system\CodeIgniter.php(436): CodeIgniter\CodeIgniter->runController(Object(App\Controllers\Profile))
#7 C:\xampp\htdocs\mdmreport 6\mdmreport\vendor\codeigniter4\framework\system\CodeIgniter.php(336): CodeIgniter\CodeIgniter->handleRequest(NULL, Object(Config\Cache), false)
#8 C:\xampp\htdocs\mdmreport 6\mdmreport\public\index.php(37): CodeIgniter\CodeIgniter->run()
#9 C:\xampp\htdocs\mdmreport 6\mdmreport\vendor\codeigniter4\framework\system\Commands\Server\rewrite.php(45): require_once('C:\\xampp\\htdocs...')
#10 {main}
CRITICAL - 2021-07-22 06:30:46 --> view(): Argument #2 ($data) must be of type array, null given, called in C:\xampp\htdocs\mdmreport 6\mdmreport\app\Controllers\Profile.php on line 12
#0 C:\xampp\htdocs\mdmreport 6\mdmreport\app\Controllers\Profile.php(12): view('profile', NULL)
#1 C:\xampp\htdocs\mdmreport 6\mdmreport\vendor\codeigniter4\framework\system\CodeIgniter.php(928): App\Controllers\Profile->index()
#2 C:\xampp\htdocs\mdmreport 6\mdmreport\vendor\codeigniter4\framework\system\CodeIgniter.php(436): CodeIgniter\CodeIgniter->runController(Object(App\Controllers\Profile))
#3 C:\xampp\htdocs\mdmreport 6\mdmreport\vendor\codeigniter4\framework\system\CodeIgniter.php(336): CodeIgniter\CodeIgniter->handleRequest(NULL, Object(Config\Cache), false)
#4 C:\xampp\htdocs\mdmreport 6\mdmreport\public\index.php(37): CodeIgniter\CodeIgniter->run()
#5 C:\xampp\htdocs\mdmreport 6\mdmreport\vendor\codeigniter4\framework\system\Commands\Server\rewrite.php(45): require_once('C:\\xampp\\htdocs...')
#6 {main}
CRITICAL - 2021-07-22 06:31:12 --> Undefined variable $info
#0 C:\xampp\htdocs\mdmreport 6\mdmreport\app\Views\profile.php(15): CodeIgniter\Debug\Exceptions->errorHandler(2, 'Undefined varia...', 'C:\\xampp\\htdocs...', 15)
#1 C:\xampp\htdocs\mdmreport 6\mdmreport\vendor\codeigniter4\framework\system\View\View.php(230): include('C:\\xampp\\htdocs...')
#2 C:\xampp\htdocs\mdmreport 6\mdmreport\vendor\codeigniter4\framework\system\View\View.php(232): CodeIgniter\View\View->CodeIgniter\View\{closure}()
#3 C:\xampp\htdocs\mdmreport 6\mdmreport\vendor\codeigniter4\framework\system\Common.php(1271): CodeIgniter\View\View->render('profile', Array, true)
#4 C:\xampp\htdocs\mdmreport 6\mdmreport\app\Controllers\Profile.php(12): view('profile', Array)
#5 C:\xampp\htdocs\mdmreport 6\mdmreport\vendor\codeigniter4\framework\system\CodeIgniter.php(928): App\Controllers\Profile->index()
#6 C:\xampp\htdocs\mdmreport 6\mdmreport\vendor\codeigniter4\framework\system\CodeIgniter.php(436): CodeIgniter\CodeIgniter->runController(Object(App\Controllers\Profile))
#7 C:\xampp\htdocs\mdmreport 6\mdmreport\vendor\codeigniter4\framework\system\CodeIgniter.php(336): CodeIgniter\CodeIgniter->handleRequest(NULL, Object(Config\Cache), false)
#8 C:\xampp\htdocs\mdmreport 6\mdmreport\public\index.php(37): CodeIgniter\CodeIgniter->run()
#9 C:\xampp\htdocs\mdmreport 6\mdmreport\vendor\codeigniter4\framework\system\Commands\Server\rewrite.php(45): require_once('C:\\xampp\\htdocs...')
#10 {main}
CRITICAL - 2021-07-22 06:32:41 --> Undefined variable $info
#0 C:\xampp\htdocs\mdmreport 6\mdmreport\app\Views\profile.php(18): CodeIgniter\Debug\Exceptions->errorHandler(2, 'Undefined varia...', 'C:\\xampp\\htdocs...', 18)
#1 C:\xampp\htdocs\mdmreport 6\mdmreport\vendor\codeigniter4\framework\system\View\View.php(230): include('C:\\xampp\\htdocs...')
#2 C:\xampp\htdocs\mdmreport 6\mdmreport\vendor\codeigniter4\framework\system\View\View.php(232): CodeIgniter\View\View->CodeIgniter\View\{closure}()
#3 C:\xampp\htdocs\mdmreport 6\mdmreport\vendor\codeigniter4\framework\system\Common.php(1271): CodeIgniter\View\View->render('profile', Array, true)
#4 C:\xampp\htdocs\mdmreport 6\mdmreport\app\Controllers\Profile.php(12): view('profile', Array)
#5 C:\xampp\htdocs\mdmreport 6\mdmreport\vendor\codeigniter4\framework\system\CodeIgniter.php(928): App\Controllers\Profile->index()
#6 C:\xampp\htdocs\mdmreport 6\mdmreport\vendor\codeigniter4\framework\system\CodeIgniter.php(436): CodeIgniter\CodeIgniter->runController(Object(App\Controllers\Profile))
#7 C:\xampp\htdocs\mdmreport 6\mdmreport\vendor\codeigniter4\framework\system\CodeIgniter.php(336): CodeIgniter\CodeIgniter->handleRequest(NULL, Object(Config\Cache), false)
#8 C:\xampp\htdocs\mdmreport 6\mdmreport\public\index.php(37): CodeIgniter\CodeIgniter->run()
#9 C:\xampp\htdocs\mdmreport 6\mdmreport\vendor\codeigniter4\framework\system\Commands\Server\rewrite.php(45): require_once('C:\\xampp\\htdocs...')
#10 {main}
CRITICAL - 2021-07-22 06:32:58 --> Undefined variable $info
#0 C:\xampp\htdocs\mdmreport 6\mdmreport\app\Views\profile.php(18): CodeIgniter\Debug\Exceptions->errorHandler(2, 'Undefined varia...', 'C:\\xampp\\htdocs...', 18)
#1 C:\xampp\htdocs\mdmreport 6\mdmreport\vendor\codeigniter4\framework\system\View\View.php(230): include('C:\\xampp\\htdocs...')
#2 C:\xampp\htdocs\mdmreport 6\mdmreport\vendor\codeigniter4\framework\system\View\View.php(232): CodeIgniter\View\View->CodeIgniter\View\{closure}()
#3 C:\xampp\htdocs\mdmreport 6\mdmreport\vendor\codeigniter4\framework\system\Common.php(1271): CodeIgniter\View\View->render('profile', Array, true)
#4 C:\xampp\htdocs\mdmreport 6\mdmreport\app\Controllers\Profile.php(12): view('profile', Array)
#5 C:\xampp\htdocs\mdmreport 6\mdmreport\vendor\codeigniter4\framework\system\CodeIgniter.php(928): App\Controllers\Profile->index()
#6 C:\xampp\htdocs\mdmreport 6\mdmreport\vendor\codeigniter4\framework\system\CodeIgniter.php(436): CodeIgniter\CodeIgniter->runController(Object(App\Controllers\Profile))
#7 C:\xampp\htdocs\mdmreport 6\mdmreport\vendor\codeigniter4\framework\system\CodeIgniter.php(336): CodeIgniter\CodeIgniter->handleRequest(NULL, Object(Config\Cache), false)
#8 C:\xampp\htdocs\mdmreport 6\mdmreport\public\index.php(37): CodeIgniter\CodeIgniter->run()
#9 C:\xampp\htdocs\mdmreport 6\mdmreport\vendor\codeigniter4\framework\system\Commands\Server\rewrite.php(45): require_once('C:\\xampp\\htdocs...')
#10 {main}
CRITICAL - 2021-07-22 06:33:38 --> Undefined property: CodeIgniter\View\View::$users
#0 C:\xampp\htdocs\mdmreport 6\mdmreport\app\Views\profile.php(13): CodeIgniter\Debug\Exceptions->errorHandler(2, 'Undefined prope...', 'C:\\xampp\\htdocs...', 13)
#1 C:\xampp\htdocs\mdmreport 6\mdmreport\vendor\codeigniter4\framework\system\View\View.php(230): include('C:\\xampp\\htdocs...')
#2 C:\xampp\htdocs\mdmreport 6\mdmreport\vendor\codeigniter4\framework\system\View\View.php(232): CodeIgniter\View\View->CodeIgniter\View\{closure}()
#3 C:\xampp\htdocs\mdmreport 6\mdmreport\vendor\codeigniter4\framework\system\Common.php(1271): CodeIgniter\View\View->render('profile', Array, true)
#4 C:\xampp\htdocs\mdmreport 6\mdmreport\app\Controllers\Profile.php(12): view('profile', Array)
#5 C:\xampp\htdocs\mdmreport 6\mdmreport\vendor\codeigniter4\framework\system\CodeIgniter.php(928): App\Controllers\Profile->index()
#6 C:\xampp\htdocs\mdmreport 6\mdmreport\vendor\codeigniter4\framework\system\CodeIgniter.php(436): CodeIgniter\CodeIgniter->runController(Object(App\Controllers\Profile))
#7 C:\xampp\htdocs\mdmreport 6\mdmreport\vendor\codeigniter4\framework\system\CodeIgniter.php(336): CodeIgniter\CodeIgniter->handleRequest(NULL, Object(Config\Cache), false)
#8 C:\xampp\htdocs\mdmreport 6\mdmreport\public\index.php(37): CodeIgniter\CodeIgniter->run()
#9 C:\xampp\htdocs\mdmreport 6\mdmreport\vendor\codeigniter4\framework\system\Commands\Server\rewrite.php(45): require_once('C:\\xampp\\htdocs...')
#10 {main}
CRITICAL - 2021-07-22 22:54:45 --> Undefined property: CodeIgniter\View\View::$users
#0 C:\xampp\htdocs\mdmreport 6\mdmreport\app\Views\profile.php(13): CodeIgniter\Debug\Exceptions->errorHandler(2, 'Undefined prope...', 'C:\\xampp\\htdocs...', 13)
#1 C:\xampp\htdocs\mdmreport 6\mdmreport\vendor\codeigniter4\framework\system\View\View.php(230): include('C:\\xampp\\htdocs...')
#2 C:\xampp\htdocs\mdmreport 6\mdmreport\vendor\codeigniter4\framework\system\View\View.php(232): CodeIgniter\View\View->CodeIgniter\View\{closure}()
#3 C:\xampp\htdocs\mdmreport 6\mdmreport\vendor\codeigniter4\framework\system\Common.php(1271): CodeIgniter\View\View->render('profile', Array, true)
#4 C:\xampp\htdocs\mdmreport 6\mdmreport\app\Controllers\Profile.php(12): view('profile', Array)
#5 C:\xampp\htdocs\mdmreport 6\mdmreport\vendor\codeigniter4\framework\system\CodeIgniter.php(928): App\Controllers\Profile->index()
#6 C:\xampp\htdocs\mdmreport 6\mdmreport\vendor\codeigniter4\framework\system\CodeIgniter.php(436): CodeIgniter\CodeIgniter->runController(Object(App\Controllers\Profile))
#7 C:\xampp\htdocs\mdmreport 6\mdmreport\vendor\codeigniter4\framework\system\CodeIgniter.php(336): CodeIgniter\CodeIgniter->handleRequest(NULL, Object(Config\Cache), false)
#8 C:\xampp\htdocs\mdmreport 6\mdmreport\public\index.php(37): CodeIgniter\CodeIgniter->run()
#9 C:\xampp\htdocs\mdmreport 6\mdmreport\vendor\codeigniter4\framework\system\Commands\Server\rewrite.php(45): require_once('C:\\xampp\\htdocs...')
#10 {main}
CRITICAL - 2021-07-22 23:02:49 --> Undefined variable $db
#0 C:\xampp\htdocs\mdmreport 6\mdmreport\app\Models\UsersModel.php(17): CodeIgniter\Debug\Exceptions->errorHandler(2, 'Undefined varia...', 'C:\\xampp\\htdocs...', 17)
#1 C:\xampp\htdocs\mdmreport 6\mdmreport\app\Controllers\Profile.php(11): App\Models\UsersModel->getInfo()
#2 C:\xampp\htdocs\mdmreport 6\mdmreport\vendor\codeigniter4\framework\system\CodeIgniter.php(928): App\Controllers\Profile->index()
#3 C:\xampp\htdocs\mdmreport 6\mdmreport\vendor\codeigniter4\framework\system\CodeIgniter.php(436): CodeIgniter\CodeIgniter->runController(Object(App\Controllers\Profile))
#4 C:\xampp\htdocs\mdmreport 6\mdmreport\vendor\codeigniter4\framework\system\CodeIgniter.php(336): CodeIgniter\CodeIgniter->handleRequest(NULL, Object(Config\Cache), false)
#5 C:\xampp\htdocs\mdmreport 6\mdmreport\public\index.php(37): CodeIgniter\CodeIgniter->run()
#6 C:\xampp\htdocs\mdmreport 6\mdmreport\vendor\codeigniter4\framework\system\Commands\Server\rewrite.php(45): require_once('C:\\xampp\\htdocs...')
#7 {main}
CRITICAL - 2021-07-22 23:03:21 --> Undefined variable $table
#0 C:\xampp\htdocs\mdmreport 6\mdmreport\app\Models\UsersModel.php(17): CodeIgniter\Debug\Exceptions->errorHandler(2, 'Undefined varia...', 'C:\\xampp\\htdocs...', 17)
#1 C:\xampp\htdocs\mdmreport 6\mdmreport\app\Controllers\Profile.php(11): App\Models\UsersModel->getInfo()
#2 C:\xampp\htdocs\mdmreport 6\mdmreport\vendor\codeigniter4\framework\system\CodeIgniter.php(928): App\Controllers\Profile->index()
#3 C:\xampp\htdocs\mdmreport 6\mdmreport\vendor\codeigniter4\framework\system\CodeIgniter.php(436): CodeIgniter\CodeIgniter->runController(Object(App\Controllers\Profile))
#4 C:\xampp\htdocs\mdmreport 6\mdmreport\vendor\codeigniter4\framework\system\CodeIgniter.php(336): CodeIgniter\CodeIgniter->handleRequest(NULL, Object(Config\Cache), false)
#5 C:\xampp\htdocs\mdmreport 6\mdmreport\public\index.php(37): CodeIgniter\CodeIgniter->run()
#6 C:\xampp\htdocs\mdmreport 6\mdmreport\vendor\codeigniter4\framework\system\Commands\Server\rewrite.php(45): require_once('C:\\xampp\\htdocs...')
#7 {main}
CRITICAL - 2021-07-22 23:04:04 --> Call to undefined method CodeIgniter\Database\MySQLi\Builder::query()
#0 C:\xampp\htdocs\mdmreport 6\mdmreport\app\Controllers\Profile.php(11): App\Models\UsersModel->getInfo()
#1 C:\xampp\htdocs\mdmreport 6\mdmreport\vendor\codeigniter4\framework\system\CodeIgniter.php(928): App\Controllers\Profile->index()
#2 C:\xampp\htdocs\mdmreport 6\mdmreport\vendor\codeigniter4\framework\system\CodeIgniter.php(436): CodeIgniter\CodeIgniter->runController(Object(App\Controllers\Profile))
#3 C:\xampp\htdocs\mdmreport 6\mdmreport\vendor\codeigniter4\framework\system\CodeIgniter.php(336): CodeIgniter\CodeIgniter->handleRequest(NULL, Object(Config\Cache), false)
#4 C:\xampp\htdocs\mdmreport 6\mdmreport\public\index.php(37): CodeIgniter\CodeIgniter->run()
#5 C:\xampp\htdocs\mdmreport 6\mdmreport\vendor\codeigniter4\framework\system\Commands\Server\rewrite.php(45): require_once('C:\\xampp\\htdocs...')
#6 {main}
ERROR - 2021-07-22 23:07:22 --> Unknown column 'user5' in 'where clause'
CRITICAL - 2021-07-22 23:07:22 --> Unknown column 'user5' in 'where clause'
#0 C:\xampp\htdocs\mdmreport 6\mdmreport\vendor\codeigniter4\framework\system\Database\MySQLi\Connection.php(329): mysqli->query('SELECT * FROM u...')
#1 C:\xampp\htdocs\mdmreport 6\mdmreport\vendor\codeigniter4\framework\system\Database\BaseConnection.php(732): CodeIgniter\Database\MySQLi\Connection->execute('SELECT * FROM u...')
#2 C:\xampp\htdocs\mdmreport 6\mdmreport\vendor\codeigniter4\framework\system\Database\BaseConnection.php(647): CodeIgniter\Database\BaseConnection->simpleQuery('SELECT * FROM u...')
#3 C:\xampp\htdocs\mdmreport 6\mdmreport\app\Models\UsersModel.php(18): CodeIgniter\Database\BaseConnection->query('SELECT * FROM u...')
#4 C:\xampp\htdocs\mdmreport 6\mdmreport\app\Controllers\Profile.php(11): App\Models\UsersModel->getInfo()
#5 C:\xampp\htdocs\mdmreport 6\mdmreport\vendor\codeigniter4\framework\system\CodeIgniter.php(928): App\Controllers\Profile->index()
#6 C:\xampp\htdocs\mdmreport 6\mdmreport\vendor\codeigniter4\framework\system\CodeIgniter.php(436): CodeIgniter\CodeIgniter->runController(Object(App\Controllers\Profile))
#7 C:\xampp\htdocs\mdmreport 6\mdmreport\vendor\codeigniter4\framework\system\CodeIgniter.php(336): CodeIgniter\CodeIgniter->handleRequest(NULL, Object(Config\Cache), false)
#8 C:\xampp\htdocs\mdmreport 6\mdmreport\public\index.php(37): CodeIgniter\CodeIgniter->run()
#9 C:\xampp\htdocs\mdmreport 6\mdmreport\vendor\codeigniter4\framework\system\Commands\Server\rewrite.php(45): require_once('C:\\xampp\\htdocs...')
#10 {main}
ERROR - 2021-07-22 23:07:40 --> Unknown column 'user5' in 'where clause'
CRITICAL - 2021-07-22 23:07:40 --> Unknown column 'user5' in 'where clause'
#0 C:\xampp\htdocs\mdmreport 6\mdmreport\vendor\codeigniter4\framework\system\Database\MySQLi\Connection.php(329): mysqli->query('SELECT * FROM u...')
#1 C:\xampp\htdocs\mdmreport 6\mdmreport\vendor\codeigniter4\framework\system\Database\BaseConnection.php(732): CodeIgniter\Database\MySQLi\Connection->execute('SELECT * FROM u...')
#2 C:\xampp\htdocs\mdmreport 6\mdmreport\vendor\codeigniter4\framework\system\Database\BaseConnection.php(647): CodeIgniter\Database\BaseConnection->simpleQuery('SELECT * FROM u...')
#3 C:\xampp\htdocs\mdmreport 6\mdmreport\app\Models\UsersModel.php(18): CodeIgniter\Database\BaseConnection->query('SELECT * FROM u...')
#4 C:\xampp\htdocs\mdmreport 6\mdmreport\app\Controllers\Profile.php(11): App\Models\UsersModel->getInfo()
#5 C:\xampp\htdocs\mdmreport 6\mdmreport\vendor\codeigniter4\framework\system\CodeIgniter.php(928): App\Controllers\Profile->index()
#6 C:\xampp\htdocs\mdmreport 6\mdmreport\vendor\codeigniter4\framework\system\CodeIgniter.php(436): CodeIgniter\CodeIgniter->runController(Object(App\Controllers\Profile))
#7 C:\xampp\htdocs\mdmreport 6\mdmreport\vendor\codeigniter4\framework\system\CodeIgniter.php(336): CodeIgniter\CodeIgniter->handleRequest(NULL, Object(Config\Cache), false)
#8 C:\xampp\htdocs\mdmreport 6\mdmreport\public\index.php(37): CodeIgniter\CodeIgniter->run()
#9 C:\xampp\htdocs\mdmreport 6\mdmreport\vendor\codeigniter4\framework\system\Commands\Server\rewrite.php(45): require_once('C:\\xampp\\htdocs...')
#10 {main}
CRITICAL - 2021-07-22 23:08:30 --> Undefined variable $info
#0 C:\xampp\htdocs\mdmreport 6\mdmreport\app\Views\profile.php(13): CodeIgniter\Debug\Exceptions->errorHandler(2, 'Undefined varia...', 'C:\\xampp\\htdocs...', 13)
#1 C:\xampp\htdocs\mdmreport 6\mdmreport\vendor\codeigniter4\framework\system\View\View.php(230): include('C:\\xampp\\htdocs...')
#2 C:\xampp\htdocs\mdmreport 6\mdmreport\vendor\codeigniter4\framework\system\View\View.php(232): CodeIgniter\View\View->CodeIgniter\View\{closure}()
#3 C:\xampp\htdocs\mdmreport 6\mdmreport\vendor\codeigniter4\framework\system\Common.php(1271): CodeIgniter\View\View->render('profile', Array, true)
#4 C:\xampp\htdocs\mdmreport 6\mdmreport\app\Controllers\Profile.php(12): view('profile', Array)
#5 C:\xampp\htdocs\mdmreport 6\mdmreport\vendor\codeigniter4\framework\system\CodeIgniter.php(928): App\Controllers\Profile->index()
#6 C:\xampp\htdocs\mdmreport 6\mdmreport\vendor\codeigniter4\framework\system\CodeIgniter.php(436): CodeIgniter\CodeIgniter->runController(Object(App\Controllers\Profile))
#7 C:\xampp\htdocs\mdmreport 6\mdmreport\vendor\codeigniter4\framework\system\CodeIgniter.php(336): CodeIgniter\CodeIgniter->handleRequest(NULL, Object(Config\Cache), false)
#8 C:\xampp\htdocs\mdmreport 6\mdmreport\public\index.php(37): CodeIgniter\CodeIgniter->run()
#9 C:\xampp\htdocs\mdmreport 6\mdmreport\vendor\codeigniter4\framework\system\Commands\Server\rewrite.php(45): require_once('C:\\xampp\\htdocs...')
#10 {main}
CRITICAL - 2021-07-22 23:09:19 --> view(): Argument #2 ($data) must be of type array, null given, called in C:\xampp\htdocs\mdmreport 6\mdmreport\app\Controllers\Profile.php on line 12
#0 C:\xampp\htdocs\mdmreport 6\mdmreport\app\Controllers\Profile.php(12): view('profile', NULL)
#1 C:\xampp\htdocs\mdmreport 6\mdmreport\vendor\codeigniter4\framework\system\CodeIgniter.php(928): App\Controllers\Profile->index()
#2 C:\xampp\htdocs\mdmreport 6\mdmreport\vendor\codeigniter4\framework\system\CodeIgniter.php(436): CodeIgniter\CodeIgniter->runController(Object(App\Controllers\Profile))
#3 C:\xampp\htdocs\mdmreport 6\mdmreport\vendor\codeigniter4\framework\system\CodeIgniter.php(336): CodeIgniter\CodeIgniter->handleRequest(NULL, Object(Config\Cache), false)
#4 C:\xampp\htdocs\mdmreport 6\mdmreport\public\index.php(37): CodeIgniter\CodeIgniter->run()
#5 C:\xampp\htdocs\mdmreport 6\mdmreport\vendor\codeigniter4\framework\system\Commands\Server\rewrite.php(45): require_once('C:\\xampp\\htdocs...')
#6 {main}
CRITICAL - 2021-07-22 23:09:41 --> Call to a member function getResult() on null
#0 C:\xampp\htdocs\mdmreport 6\mdmreport\vendor\codeigniter4\framework\system\View\View.php(230): include()
#1 C:\xampp\htdocs\mdmreport 6\mdmreport\vendor\codeigniter4\framework\system\View\View.php(232): CodeIgniter\View\View->CodeIgniter\View\{closure}()
#2 C:\xampp\htdocs\mdmreport 6\mdmreport\vendor\codeigniter4\framework\system\Common.php(1271): CodeIgniter\View\View->render('profile', Array, true)
#3 C:\xampp\htdocs\mdmreport 6\mdmreport\app\Controllers\Profile.php(12): view('profile', Array)
#4 C:\xampp\htdocs\mdmreport 6\mdmreport\vendor\codeigniter4\framework\system\CodeIgniter.php(928): App\Controllers\Profile->index()
#5 C:\xampp\htdocs\mdmreport 6\mdmreport\vendor\codeigniter4\framework\system\CodeIgniter.php(436): CodeIgniter\CodeIgniter->runController(Object(App\Controllers\Profile))
#6 C:\xampp\htdocs\mdmreport 6\mdmreport\vendor\codeigniter4\framework\system\CodeIgniter.php(336): CodeIgniter\CodeIgniter->handleRequest(NULL, Object(Config\Cache), false)
#7 C:\xampp\htdocs\mdmreport 6\mdmreport\public\index.php(37): CodeIgniter\CodeIgniter->run()
#8 C:\xampp\htdocs\mdmreport 6\mdmreport\vendor\codeigniter4\framework\system\Commands\Server\rewrite.php(45): require_once('C:\\xampp\\htdocs...')
#9 {main}
CRITICAL - 2021-07-22 23:09:55 --> Call to a member function getResult() on null
#0 C:\xampp\htdocs\mdmreport 6\mdmreport\vendor\codeigniter4\framework\system\View\View.php(230): include()
#1 C:\xampp\htdocs\mdmreport 6\mdmreport\vendor\codeigniter4\framework\system\View\View.php(232): CodeIgniter\View\View->CodeIgniter\View\{closure}()
#2 C:\xampp\htdocs\mdmreport 6\mdmreport\vendor\codeigniter4\framework\system\Common.php(1271): CodeIgniter\View\View->render('profile', Array, true)
#3 C:\xampp\htdocs\mdmreport 6\mdmreport\app\Controllers\Profile.php(12): view('profile', Array)
#4 C:\xampp\htdocs\mdmreport 6\mdmreport\vendor\codeigniter4\framework\system\CodeIgniter.php(928): App\Controllers\Profile->index()
#5 C:\xampp\htdocs\mdmreport 6\mdmreport\vendor\codeigniter4\framework\system\CodeIgniter.php(436): CodeIgniter\CodeIgniter->runController(Object(App\Controllers\Profile))
#6 C:\xampp\htdocs\mdmreport 6\mdmreport\vendor\codeigniter4\framework\system\CodeIgniter.php(336): CodeIgniter\CodeIgniter->handleRequest(NULL, Object(Config\Cache), false)
#7 C:\xampp\htdocs\mdmreport 6\mdmreport\public\index.php(37): CodeIgniter\CodeIgniter->run()
#8 C:\xampp\htdocs\mdmreport 6\mdmreport\vendor\codeigniter4\framework\system\Commands\Server\rewrite.php(45): require_once('C:\\xampp\\htdocs...')
#9 {main}
CRITICAL - 2021-07-22 23:10:43 --> Call to a member function getResult() on null
#0 C:\xampp\htdocs\mdmreport 6\mdmreport\vendor\codeigniter4\framework\system\View\View.php(230): include()
#1 C:\xampp\htdocs\mdmreport 6\mdmreport\vendor\codeigniter4\framework\system\View\View.php(232): CodeIgniter\View\View->CodeIgniter\View\{closure}()
#2 C:\xampp\htdocs\mdmreport 6\mdmreport\vendor\codeigniter4\framework\system\Common.php(1271): CodeIgniter\View\View->render('profile', Array, true)
#3 C:\xampp\htdocs\mdmreport 6\mdmreport\app\Controllers\Profile.php(12): view('profile', Array)
#4 C:\xampp\htdocs\mdmreport 6\mdmreport\vendor\codeigniter4\framework\system\CodeIgniter.php(928): App\Controllers\Profile->index()
#5 C:\xampp\htdocs\mdmreport 6\mdmreport\vendor\codeigniter4\framework\system\CodeIgniter.php(436): CodeIgniter\CodeIgniter->runController(Object(App\Controllers\Profile))
#6 C:\xampp\htdocs\mdmreport 6\mdmreport\vendor\codeigniter4\framework\system\CodeIgniter.php(336): CodeIgniter\CodeIgniter->handleRequest(NULL, Object(Config\Cache), false)
#7 C:\xampp\htdocs\mdmreport 6\mdmreport\public\index.php(37): CodeIgniter\CodeIgniter->run()
#8 C:\xampp\htdocs\mdmreport 6\mdmreport\vendor\codeigniter4\framework\system\Commands\Server\rewrite.php(45): require_once('C:\\xampp\\htdocs...')
#9 {main}
CRITICAL - 2021-07-22 23:22:34 --> Attempt to read property "email" on string
#0 C:\xampp\htdocs\mdmreport 6\mdmreport\app\Views\profile.php(19): CodeIgniter\Debug\Exceptions->errorHandler(2, 'Attempt to read...', 'C:\\xampp\\htdocs...', 19)
#1 C:\xampp\htdocs\mdmreport 6\mdmreport\vendor\codeigniter4\framework\system\View\View.php(230): include('C:\\xampp\\htdocs...')
#2 C:\xampp\htdocs\mdmreport 6\mdmreport\vendor\codeigniter4\framework\system\View\View.php(232): CodeIgniter\View\View->CodeIgniter\View\{closure}()
#3 C:\xampp\htdocs\mdmreport 6\mdmreport\vendor\codeigniter4\framework\system\Common.php(1271): CodeIgniter\View\View->render('profile', Array, true)
#4 C:\xampp\htdocs\mdmreport 6\mdmreport\app\Controllers\Profile.php(13): view('profile', Array)
#5 C:\xampp\htdocs\mdmreport 6\mdmreport\vendor\codeigniter4\framework\system\CodeIgniter.php(928): App\Controllers\Profile->index()
#6 C:\xampp\htdocs\mdmreport 6\mdmreport\vendor\codeigniter4\framework\system\CodeIgniter.php(436): CodeIgniter\CodeIgniter->runController(Object(App\Controllers\Profile))
#7 C:\xampp\htdocs\mdmreport 6\mdmreport\vendor\codeigniter4\framework\system\CodeIgniter.php(336): CodeIgniter\CodeIgniter->handleRequest(NULL, Object(Config\Cache), false)
#8 C:\xampp\htdocs\mdmreport 6\mdmreport\public\index.php(37): CodeIgniter\CodeIgniter->run()
#9 C:\xampp\htdocs\mdmreport 6\mdmreport\vendor\codeigniter4\framework\system\Commands\Server\rewrite.php(45): require_once('C:\\xampp\\htdocs...')
#10 {main}
CRITICAL - 2021-07-22 23:23:30 --> Attempt to read property "username" on string
#0 C:\xampp\htdocs\mdmreport 6\mdmreport\app\Views\profile.php(19): CodeIgniter\Debug\Exceptions->errorHandler(2, 'Attempt to read...', 'C:\\xampp\\htdocs...', 19)
#1 C:\xampp\htdocs\mdmreport 6\mdmreport\vendor\codeigniter4\framework\system\View\View.php(230): include('C:\\xampp\\htdocs...')
#2 C:\xampp\htdocs\mdmreport 6\mdmreport\vendor\codeigniter4\framework\system\View\View.php(232): CodeIgniter\View\View->CodeIgniter\View\{closure}()
#3 C:\xampp\htdocs\mdmreport 6\mdmreport\vendor\codeigniter4\framework\system\Common.php(1271): CodeIgniter\View\View->render('profile', Array, true)
#4 C:\xampp\htdocs\mdmreport 6\mdmreport\app\Controllers\Profile.php(13): view('profile', Array)
#5 C:\xampp\htdocs\mdmreport 6\mdmreport\vendor\codeigniter4\framework\system\CodeIgniter.php(928): App\Controllers\Profile->index()
#6 C:\xampp\htdocs\mdmreport 6\mdmreport\vendor\codeigniter4\framework\system\CodeIgniter.php(436): CodeIgniter\CodeIgniter->runController(Object(App\Controllers\Profile))
#7 C:\xampp\htdocs\mdmreport 6\mdmreport\vendor\codeigniter4\framework\system\CodeIgniter.php(336): CodeIgniter\CodeIgniter->handleRequest(NULL, Object(Config\Cache), false)
#8 C:\xampp\htdocs\mdmreport 6\mdmreport\public\index.php(37): CodeIgniter\CodeIgniter->run()
#9 C:\xampp\htdocs\mdmreport 6\mdmreport\vendor\codeigniter4\framework\system\Commands\Server\rewrite.php(45): require_once('C:\\xampp\\htdocs...')
#10 {main}
CRITICAL - 2021-07-22 23:34:14 --> foreach() argument must be of type array|object, null given
#0 C:\xampp\htdocs\mdmreport 6\mdmreport\app\Views\profile.php(14): CodeIgniter\Debug\Exceptions->errorHandler(2, 'foreach() argum...', 'C:\\xampp\\htdocs...', 14)
#1 C:\xampp\htdocs\mdmreport 6\mdmreport\vendor\codeigniter4\framework\system\View\View.php(230): include('C:\\xampp\\htdocs...')
#2 C:\xampp\htdocs\mdmreport 6\mdmreport\vendor\codeigniter4\framework\system\View\View.php(232): CodeIgniter\View\View->CodeIgniter\View\{closure}()
#3 C:\xampp\htdocs\mdmreport 6\mdmreport\vendor\codeigniter4\framework\system\Common.php(1271): CodeIgniter\View\View->render('profile', Array, true)
#4 C:\xampp\htdocs\mdmreport 6\mdmreport\app\Controllers\Profile.php(13): view('profile', Array)
#5 C:\xampp\htdocs\mdmreport 6\mdmreport\vendor\codeigniter4\framework\system\CodeIgniter.php(928): App\Controllers\Profile->index()
#6 C:\xampp\htdocs\mdmreport 6\mdmreport\vendor\codeigniter4\framework\system\CodeIgniter.php(436): CodeIgniter\CodeIgniter->runController(Object(App\Controllers\Profile))
#7 C:\xampp\htdocs\mdmreport 6\mdmreport\vendor\codeigniter4\framework\system\CodeIgniter.php(336): CodeIgniter\CodeIgniter->handleRequest(NULL, Object(Config\Cache), false)
#8 C:\xampp\htdocs\mdmreport 6\mdmreport\public\index.php(37): CodeIgniter\CodeIgniter->run()
#9 C:\xampp\htdocs\mdmreport 6\mdmreport\vendor\codeigniter4\framework\system\Commands\Server\rewrite.php(45): require_once('C:\\xampp\\htdocs...')
#10 {main}
CRITICAL - 2021-07-22 23:35:33 --> foreach() argument must be of type array|object, null given
#0 C:\xampp\htdocs\mdmreport 6\mdmreport\app\Views\profile.php(14): CodeIgniter\Debug\Exceptions->errorHandler(2, 'foreach() argum...', 'C:\\xampp\\htdocs...', 14)
#1 C:\xampp\htdocs\mdmreport 6\mdmreport\vendor\codeigniter4\framework\system\View\View.php(230): include('C:\\xampp\\htdocs...')
#2 C:\xampp\htdocs\mdmreport 6\mdmreport\vendor\codeigniter4\framework\system\View\View.php(232): CodeIgniter\View\View->CodeIgniter\View\{closure}()
#3 C:\xampp\htdocs\mdmreport 6\mdmreport\vendor\codeigniter4\framework\system\Common.php(1271): CodeIgniter\View\View->render('profile', Array, true)
#4 C:\xampp\htdocs\mdmreport 6\mdmreport\app\Controllers\Profile.php(13): view('profile', Array)
#5 C:\xampp\htdocs\mdmreport 6\mdmreport\vendor\codeigniter4\framework\system\CodeIgniter.php(928): App\Controllers\Profile->index()
#6 C:\xampp\htdocs\mdmreport 6\mdmreport\vendor\codeigniter4\framework\system\CodeIgniter.php(436): CodeIgniter\CodeIgniter->runController(Object(App\Controllers\Profile))
#7 C:\xampp\htdocs\mdmreport 6\mdmreport\vendor\codeigniter4\framework\system\CodeIgniter.php(336): CodeIgniter\CodeIgniter->handleRequest(NULL, Object(Config\Cache), false)
#8 C:\xampp\htdocs\mdmreport 6\mdmreport\public\index.php(37): CodeIgniter\CodeIgniter->run()
#9 C:\xampp\htdocs\mdmreport 6\mdmreport\vendor\codeigniter4\framework\system\Commands\Server\rewrite.php(45): require_once('C:\\xampp\\htdocs...')
#10 {main}
CRITICAL - 2021-07-22 23:59:11 --> Call to undefined method CodeIgniter\Database\MySQLi\Connection::where()
#0 C:\xampp\htdocs\mdmreport 6\mdmreport\app\Controllers\Profile.php(12): App\Models\UsersModel->getInfo('user5')
#1 C:\xampp\htdocs\mdmreport 6\mdmreport\vendor\codeigniter4\framework\system\CodeIgniter.php(928): App\Controllers\Profile->index()
#2 C:\xampp\htdocs\mdmreport 6\mdmreport\vendor\codeigniter4\framework\system\CodeIgniter.php(436): CodeIgniter\CodeIgniter->runController(Object(App\Controllers\Profile))
#3 C:\xampp\htdocs\mdmreport 6\mdmreport\vendor\codeigniter4\framework\system\CodeIgniter.php(336): CodeIgniter\CodeIgniter->handleRequest(NULL, Object(Config\Cache), false)
#4 C:\xampp\htdocs\mdmreport 6\mdmreport\public\index.php(37): CodeIgniter\CodeIgniter->run()
#5 C:\xampp\htdocs\mdmreport 6\mdmreport\vendor\codeigniter4\framework\system\Commands\Server\rewrite.php(45): require_once('C:\\xampp\\htdocs...')
#6 {main}
