CRITICAL - 2021-07-15 04:44:48 --> Invalid file: /admin/tambahuser.php
#0 C:\xampp\htdocs\mdmreport 6\mdmreport\vendor\codeigniter4\framework\system\View\View.php(213): CodeIgniter\Exceptions\FrameworkException::forInvalidFile('/admin/tambahus...')
#1 C:\xampp\htdocs\mdmreport 6\mdmreport\vendor\codeigniter4\framework\system\Common.php(1271): CodeIgniter\View\View->render('/admin/tambahus...', Array, true)
#2 C:\xampp\htdocs\mdmreport 6\mdmreport\app\Controllers\TambahUsers.php(13): view('/admin/tambahus...')
#3 C:\xampp\htdocs\mdmreport 6\mdmreport\vendor\codeigniter4\framework\system\CodeIgniter.php(928): App\Controllers\TambahUsers->index()
#4 C:\xampp\htdocs\mdmreport 6\mdmreport\vendor\codeigniter4\framework\system\CodeIgniter.php(436): CodeIgniter\CodeIgniter->runController(Object(App\Controllers\TambahUsers))
#5 C:\xampp\htdocs\mdmreport 6\mdmreport\vendor\codeigniter4\framework\system\CodeIgniter.php(336): CodeIgniter\CodeIgniter->handleRequest(NULL, Object(Config\Cache), false)
#6 C:\xampp\htdocs\mdmreport 6\mdmreport\public\index.php(37): CodeIgniter\CodeIgniter->run()
#7 C:\xampp\htdocs\mdmreport 6\mdmreport\vendor\codeigniter4\framework\system\Commands\Server\rewrite.php(45): require_once('C:\\xampp\\htdocs...')
#8 {main}
CRITICAL - 2021-07-15 04:45:09 --> Invalid file: /admin/tambahuser.php
#0 C:\xampp\htdocs\mdmreport 6\mdmreport\vendor\codeigniter4\framework\system\View\View.php(213): CodeIgniter\Exceptions\FrameworkException::forInvalidFile('/admin/tambahus...')
#1 C:\xampp\htdocs\mdmreport 6\mdmreport\vendor\codeigniter4\framework\system\Common.php(1271): CodeIgniter\View\View->render('/admin/tambahus...', Array, true)
#2 C:\xampp\htdocs\mdmreport 6\mdmreport\app\Controllers\TambahUsers.php(13): view('/admin/tambahus...')
#3 C:\xampp\htdocs\mdmreport 6\mdmreport\vendor\codeigniter4\framework\system\CodeIgniter.php(928): App\Controllers\TambahUsers->index()
#4 C:\xampp\htdocs\mdmreport 6\mdmreport\vendor\codeigniter4\framework\system\CodeIgniter.php(436): CodeIgniter\CodeIgniter->runController(Object(App\Controllers\TambahUsers))
#5 C:\xampp\htdocs\mdmreport 6\mdmreport\vendor\codeigniter4\framework\system\CodeIgniter.php(336): CodeIgniter\CodeIgniter->handleRequest(NULL, Object(Config\Cache), false)
#6 C:\xampp\htdocs\mdmreport 6\mdmreport\public\index.php(37): CodeIgniter\CodeIgniter->run()
#7 C:\xampp\htdocs\mdmreport 6\mdmreport\vendor\codeigniter4\framework\system\Commands\Server\rewrite.php(45): require_once('C:\\xampp\\htdocs...')
#8 {main}
CRITICAL - 2021-07-15 04:45:10 --> Invalid file: /admin/tambahuser.php
#0 C:\xampp\htdocs\mdmreport 6\mdmreport\vendor\codeigniter4\framework\system\View\View.php(213): CodeIgniter\Exceptions\FrameworkException::forInvalidFile('/admin/tambahus...')
#1 C:\xampp\htdocs\mdmreport 6\mdmreport\vendor\codeigniter4\framework\system\Common.php(1271): CodeIgniter\View\View->render('/admin/tambahus...', Array, true)
#2 C:\xampp\htdocs\mdmreport 6\mdmreport\app\Controllers\TambahUsers.php(13): view('/admin/tambahus...')
#3 C:\xampp\htdocs\mdmreport 6\mdmreport\vendor\codeigniter4\framework\system\CodeIgniter.php(928): App\Controllers\TambahUsers->index()
#4 C:\xampp\htdocs\mdmreport 6\mdmreport\vendor\codeigniter4\framework\system\CodeIgniter.php(436): CodeIgniter\CodeIgniter->runController(Object(App\Controllers\TambahUsers))
#5 C:\xampp\htdocs\mdmreport 6\mdmreport\vendor\codeigniter4\framework\system\CodeIgniter.php(336): CodeIgniter\CodeIgniter->handleRequest(NULL, Object(Config\Cache), false)
#6 C:\xampp\htdocs\mdmreport 6\mdmreport\public\index.php(37): CodeIgniter\CodeIgniter->run()
#7 C:\xampp\htdocs\mdmreport 6\mdmreport\vendor\codeigniter4\framework\system\Commands\Server\rewrite.php(45): require_once('C:\\xampp\\htdocs...')
#8 {main}
CRITICAL - 2021-07-15 09:28:26 --> Undefined property: stdClass::$password_conf
#0 C:\xampp\htdocs\mdmreport 6\mdmreport\app\Views\admin\edit_pegawai.php(40): CodeIgniter\Debug\Exceptions->errorHandler(2, 'Undefined prope...', 'C:\\xampp\\htdocs...', 40)
#1 C:\xampp\htdocs\mdmreport 6\mdmreport\vendor\codeigniter4\framework\system\View\View.php(230): include('C:\\xampp\\htdocs...')
#2 C:\xampp\htdocs\mdmreport 6\mdmreport\vendor\codeigniter4\framework\system\View\View.php(232): CodeIgniter\View\View->CodeIgniter\View\{closure}()
#3 C:\xampp\htdocs\mdmreport 6\mdmreport\vendor\codeigniter4\framework\system\Common.php(1271): CodeIgniter\View\View->render('admin/edit_pega...', Array, true)
#4 C:\xampp\htdocs\mdmreport 6\mdmreport\app\Controllers\Pegawai.php(122): view('admin/edit_pega...', Array)
#5 C:\xampp\htdocs\mdmreport 6\mdmreport\vendor\codeigniter4\framework\system\CodeIgniter.php(928): App\Controllers\Pegawai->edit('biss')
#6 C:\xampp\htdocs\mdmreport 6\mdmreport\vendor\codeigniter4\framework\system\CodeIgniter.php(436): CodeIgniter\CodeIgniter->runController(Object(App\Controllers\Pegawai))
#7 C:\xampp\htdocs\mdmreport 6\mdmreport\vendor\codeigniter4\framework\system\CodeIgniter.php(336): CodeIgniter\CodeIgniter->handleRequest(NULL, Object(Config\Cache), false)
#8 C:\xampp\htdocs\mdmreport 6\mdmreport\public\index.php(37): CodeIgniter\CodeIgniter->run()
#9 C:\xampp\htdocs\mdmreport 6\mdmreport\vendor\codeigniter4\framework\system\Commands\Server\rewrite.php(45): require_once('C:\\xampp\\htdocs...')
#10 {main}
ERROR - 2021-07-15 10:04:12 --> Column 'role' cannot be null
CRITICAL - 2021-07-15 10:04:12 --> Column 'role' cannot be null
#0 C:\xampp\htdocs\mdmreport 6\mdmreport\vendor\codeigniter4\framework\system\Database\MySQLi\Connection.php(329): mysqli->query('INSERT INTO `us...')
#1 C:\xampp\htdocs\mdmreport 6\mdmreport\vendor\codeigniter4\framework\system\Database\BaseConnection.php(732): CodeIgniter\Database\MySQLi\Connection->execute('INSERT INTO `us...')
#2 C:\xampp\htdocs\mdmreport 6\mdmreport\vendor\codeigniter4\framework\system\Database\BaseConnection.php(647): CodeIgniter\Database\BaseConnection->simpleQuery('INSERT INTO `us...')
#3 C:\xampp\htdocs\mdmreport 6\mdmreport\vendor\codeigniter4\framework\system\Database\BaseBuilder.php(2277): CodeIgniter\Database\BaseConnection->query('INSERT INTO `us...', Array, false)
#4 C:\xampp\htdocs\mdmreport 6\mdmreport\vendor\codeigniter4\framework\system\Model.php(259): CodeIgniter\Database\BaseBuilder->insert()
#5 C:\xampp\htdocs\mdmreport 6\mdmreport\vendor\codeigniter4\framework\system\BaseModel.php(774): CodeIgniter\Model->doInsert(Array)
#6 C:\xampp\htdocs\mdmreport 6\mdmreport\vendor\codeigniter4\framework\system\Model.php(686): CodeIgniter\BaseModel->insert(Array, true)
#7 C:\xampp\htdocs\mdmreport 6\mdmreport\app\Controllers\Pegawai.php(107): CodeIgniter\Model->insert(Array)
#8 C:\xampp\htdocs\mdmreport 6\mdmreport\vendor\codeigniter4\framework\system\CodeIgniter.php(928): App\Controllers\Pegawai->process()
#9 C:\xampp\htdocs\mdmreport 6\mdmreport\vendor\codeigniter4\framework\system\CodeIgniter.php(436): CodeIgniter\CodeIgniter->runController(Object(App\Controllers\Pegawai))
#10 C:\xampp\htdocs\mdmreport 6\mdmreport\vendor\codeigniter4\framework\system\CodeIgniter.php(336): CodeIgniter\CodeIgniter->handleRequest(NULL, Object(Config\Cache), false)
#11 C:\xampp\htdocs\mdmreport 6\mdmreport\public\index.php(37): CodeIgniter\CodeIgniter->run()
#12 C:\xampp\htdocs\mdmreport 6\mdmreport\vendor\codeigniter4\framework\system\Commands\Server\rewrite.php(45): require_once('C:\\xampp\\htdocs...')
#13 {main}
ERROR - 2021-07-15 10:04:45 --> Column 'role' cannot be null
CRITICAL - 2021-07-15 10:04:45 --> Column 'role' cannot be null
#0 C:\xampp\htdocs\mdmreport 6\mdmreport\vendor\codeigniter4\framework\system\Database\MySQLi\Connection.php(329): mysqli->query('INSERT INTO `us...')
#1 C:\xampp\htdocs\mdmreport 6\mdmreport\vendor\codeigniter4\framework\system\Database\BaseConnection.php(732): CodeIgniter\Database\MySQLi\Connection->execute('INSERT INTO `us...')
#2 C:\xampp\htdocs\mdmreport 6\mdmreport\vendor\codeigniter4\framework\system\Database\BaseConnection.php(647): CodeIgniter\Database\BaseConnection->simpleQuery('INSERT INTO `us...')
#3 C:\xampp\htdocs\mdmreport 6\mdmreport\vendor\codeigniter4\framework\system\Database\BaseBuilder.php(2277): CodeIgniter\Database\BaseConnection->query('INSERT INTO `us...', Array, false)
#4 C:\xampp\htdocs\mdmreport 6\mdmreport\vendor\codeigniter4\framework\system\Model.php(259): CodeIgniter\Database\BaseBuilder->insert()
#5 C:\xampp\htdocs\mdmreport 6\mdmreport\vendor\codeigniter4\framework\system\BaseModel.php(774): CodeIgniter\Model->doInsert(Array)
#6 C:\xampp\htdocs\mdmreport 6\mdmreport\vendor\codeigniter4\framework\system\Model.php(686): CodeIgniter\BaseModel->insert(Array, true)
#7 C:\xampp\htdocs\mdmreport 6\mdmreport\app\Controllers\Pegawai.php(107): CodeIgniter\Model->insert(Array)
#8 C:\xampp\htdocs\mdmreport 6\mdmreport\vendor\codeigniter4\framework\system\CodeIgniter.php(928): App\Controllers\Pegawai->process()
#9 C:\xampp\htdocs\mdmreport 6\mdmreport\vendor\codeigniter4\framework\system\CodeIgniter.php(436): CodeIgniter\CodeIgniter->runController(Object(App\Controllers\Pegawai))
#10 C:\xampp\htdocs\mdmreport 6\mdmreport\vendor\codeigniter4\framework\system\CodeIgniter.php(336): CodeIgniter\CodeIgniter->handleRequest(NULL, Object(Config\Cache), false)
#11 C:\xampp\htdocs\mdmreport 6\mdmreport\public\index.php(37): CodeIgniter\CodeIgniter->run()
#12 C:\xampp\htdocs\mdmreport 6\mdmreport\vendor\codeigniter4\framework\system\Commands\Server\rewrite.php(45): require_once('C:\\xampp\\htdocs...')
#13 {main}
