CRITICAL - 2021-07-23 00:01:25 --> Call to undefined method CodeIgniter\Database\MySQLi\Connection::where()
#0 C:\xampp\htdocs\mdmreport 6\mdmreport\app\Controllers\Profile.php(12): App\Models\UsersModel->getInfo('user5')
#1 C:\xampp\htdocs\mdmreport 6\mdmreport\vendor\codeigniter4\framework\system\CodeIgniter.php(928): App\Controllers\Profile->index()
#2 C:\xampp\htdocs\mdmreport 6\mdmreport\vendor\codeigniter4\framework\system\CodeIgniter.php(436): CodeIgniter\CodeIgniter->runController(Object(App\Controllers\Profile))
#3 C:\xampp\htdocs\mdmreport 6\mdmreport\vendor\codeigniter4\framework\system\CodeIgniter.php(336): CodeIgniter\CodeIgniter->handleRequest(NULL, Object(Config\Cache), false)
#4 C:\xampp\htdocs\mdmreport 6\mdmreport\public\index.php(37): CodeIgniter\CodeIgniter->run()
#5 C:\xampp\htdocs\mdmreport 6\mdmreport\vendor\codeigniter4\framework\system\Commands\Server\rewrite.php(45): require_once('C:\\xampp\\htdocs...')
#6 {main}
CRITICAL - 2021-07-23 00:01:37 --> Call to undefined method CodeIgniter\Database\MySQLi\Connection::getwhere()
#0 C:\xampp\htdocs\mdmreport 6\mdmreport\app\Controllers\Profile.php(12): App\Models\UsersModel->getInfo('user5')
#1 C:\xampp\htdocs\mdmreport 6\mdmreport\vendor\codeigniter4\framework\system\CodeIgniter.php(928): App\Controllers\Profile->index()
#2 C:\xampp\htdocs\mdmreport 6\mdmreport\vendor\codeigniter4\framework\system\CodeIgniter.php(436): CodeIgniter\CodeIgniter->runController(Object(App\Controllers\Profile))
#3 C:\xampp\htdocs\mdmreport 6\mdmreport\vendor\codeigniter4\framework\system\CodeIgniter.php(336): CodeIgniter\CodeIgniter->handleRequest(NULL, Object(Config\Cache), false)
#4 C:\xampp\htdocs\mdmreport 6\mdmreport\public\index.php(37): CodeIgniter\CodeIgniter->run()
#5 C:\xampp\htdocs\mdmreport 6\mdmreport\vendor\codeigniter4\framework\system\Commands\Server\rewrite.php(45): require_once('C:\\xampp\\htdocs...')
#6 {main}
CRITICAL - 2021-07-23 00:01:41 --> Call to undefined method CodeIgniter\Database\MySQLi\Connection::getWhere()
#0 C:\xampp\htdocs\mdmreport 6\mdmreport\app\Controllers\Profile.php(12): App\Models\UsersModel->getInfo('user5')
#1 C:\xampp\htdocs\mdmreport 6\mdmreport\vendor\codeigniter4\framework\system\CodeIgniter.php(928): App\Controllers\Profile->index()
#2 C:\xampp\htdocs\mdmreport 6\mdmreport\vendor\codeigniter4\framework\system\CodeIgniter.php(436): CodeIgniter\CodeIgniter->runController(Object(App\Controllers\Profile))
#3 C:\xampp\htdocs\mdmreport 6\mdmreport\vendor\codeigniter4\framework\system\CodeIgniter.php(336): CodeIgniter\CodeIgniter->handleRequest(NULL, Object(Config\Cache), false)
#4 C:\xampp\htdocs\mdmreport 6\mdmreport\public\index.php(37): CodeIgniter\CodeIgniter->run()
#5 C:\xampp\htdocs\mdmreport 6\mdmreport\vendor\codeigniter4\framework\system\Commands\Server\rewrite.php(45): require_once('C:\\xampp\\htdocs...')
#6 {main}
CRITICAL - 2021-07-23 00:10:52 --> Call to undefined method CodeIgniter\Database\MySQLi\Connection::getWhere()
#0 C:\xampp\htdocs\mdmreport 6\mdmreport\app\Controllers\Profile.php(12): App\Models\UsersModel->getInfo('user5')
#1 C:\xampp\htdocs\mdmreport 6\mdmreport\vendor\codeigniter4\framework\system\CodeIgniter.php(928): App\Controllers\Profile->index()
#2 C:\xampp\htdocs\mdmreport 6\mdmreport\vendor\codeigniter4\framework\system\CodeIgniter.php(436): CodeIgniter\CodeIgniter->runController(Object(App\Controllers\Profile))
#3 C:\xampp\htdocs\mdmreport 6\mdmreport\vendor\codeigniter4\framework\system\CodeIgniter.php(336): CodeIgniter\CodeIgniter->handleRequest(NULL, Object(Config\Cache), false)
#4 C:\xampp\htdocs\mdmreport 6\mdmreport\public\index.php(37): CodeIgniter\CodeIgniter->run()
#5 C:\xampp\htdocs\mdmreport 6\mdmreport\vendor\codeigniter4\framework\system\Commands\Server\rewrite.php(45): require_once('C:\\xampp\\htdocs...')
#6 {main}
CRITICAL - 2021-07-23 00:10:54 --> Call to undefined method CodeIgniter\Database\MySQLi\Connection::getWhere()
#0 C:\xampp\htdocs\mdmreport 6\mdmreport\app\Controllers\Profile.php(12): App\Models\UsersModel->getInfo('user5')
#1 C:\xampp\htdocs\mdmreport 6\mdmreport\vendor\codeigniter4\framework\system\CodeIgniter.php(928): App\Controllers\Profile->index()
#2 C:\xampp\htdocs\mdmreport 6\mdmreport\vendor\codeigniter4\framework\system\CodeIgniter.php(436): CodeIgniter\CodeIgniter->runController(Object(App\Controllers\Profile))
#3 C:\xampp\htdocs\mdmreport 6\mdmreport\vendor\codeigniter4\framework\system\CodeIgniter.php(336): CodeIgniter\CodeIgniter->handleRequest(NULL, Object(Config\Cache), false)
#4 C:\xampp\htdocs\mdmreport 6\mdmreport\public\index.php(37): CodeIgniter\CodeIgniter->run()
#5 C:\xampp\htdocs\mdmreport 6\mdmreport\vendor\codeigniter4\framework\system\Commands\Server\rewrite.php(45): require_once('C:\\xampp\\htdocs...')
#6 {main}
CRITICAL - 2021-07-23 00:11:35 --> Call to undefined method CodeIgniter\Database\MySQLi\Connection::getWhere()
#0 C:\xampp\htdocs\mdmreport 6\mdmreport\app\Controllers\Profile.php(12): App\Models\UsersModel->getInfo('user5')
#1 C:\xampp\htdocs\mdmreport 6\mdmreport\vendor\codeigniter4\framework\system\CodeIgniter.php(928): App\Controllers\Profile->index()
#2 C:\xampp\htdocs\mdmreport 6\mdmreport\vendor\codeigniter4\framework\system\CodeIgniter.php(436): CodeIgniter\CodeIgniter->runController(Object(App\Controllers\Profile))
#3 C:\xampp\htdocs\mdmreport 6\mdmreport\vendor\codeigniter4\framework\system\CodeIgniter.php(336): CodeIgniter\CodeIgniter->handleRequest(NULL, Object(Config\Cache), false)
#4 C:\xampp\htdocs\mdmreport 6\mdmreport\public\index.php(37): CodeIgniter\CodeIgniter->run()
#5 C:\xampp\htdocs\mdmreport 6\mdmreport\vendor\codeigniter4\framework\system\Commands\Server\rewrite.php(45): require_once('C:\\xampp\\htdocs...')
#6 {main}
CRITICAL - 2021-07-23 00:11:48 --> Call to undefined method App\Models\UsersModel::getInfo
#0 C:\xampp\htdocs\mdmreport 6\mdmreport\app\Controllers\Profile.php(12): CodeIgniter\Model->__call('getInfo', Array)
#1 C:\xampp\htdocs\mdmreport 6\mdmreport\vendor\codeigniter4\framework\system\CodeIgniter.php(928): App\Controllers\Profile->index()
#2 C:\xampp\htdocs\mdmreport 6\mdmreport\vendor\codeigniter4\framework\system\CodeIgniter.php(436): CodeIgniter\CodeIgniter->runController(Object(App\Controllers\Profile))
#3 C:\xampp\htdocs\mdmreport 6\mdmreport\vendor\codeigniter4\framework\system\CodeIgniter.php(336): CodeIgniter\CodeIgniter->handleRequest(NULL, Object(Config\Cache), false)
#4 C:\xampp\htdocs\mdmreport 6\mdmreport\public\index.php(37): CodeIgniter\CodeIgniter->run()
#5 C:\xampp\htdocs\mdmreport 6\mdmreport\vendor\codeigniter4\framework\system\Commands\Server\rewrite.php(45): require_once('C:\\xampp\\htdocs...')
#6 {main}
CRITICAL - 2021-07-23 00:12:14 --> Undefined property: CodeIgniter\View\View::$session
#0 C:\xampp\htdocs\mdmreport 6\mdmreport\app\Views\profile.php(15): CodeIgniter\Debug\Exceptions->errorHandler(2, 'Undefined prope...', 'C:\\xampp\\htdocs...', 15)
#1 C:\xampp\htdocs\mdmreport 6\mdmreport\vendor\codeigniter4\framework\system\View\View.php(230): include('C:\\xampp\\htdocs...')
#2 C:\xampp\htdocs\mdmreport 6\mdmreport\vendor\codeigniter4\framework\system\View\View.php(232): CodeIgniter\View\View->CodeIgniter\View\{closure}()
#3 C:\xampp\htdocs\mdmreport 6\mdmreport\vendor\codeigniter4\framework\system\Common.php(1271): CodeIgniter\View\View->render('profile', Array, true)
#4 C:\xampp\htdocs\mdmreport 6\mdmreport\app\Controllers\Profile.php(13): view('profile')
#5 C:\xampp\htdocs\mdmreport 6\mdmreport\vendor\codeigniter4\framework\system\CodeIgniter.php(928): App\Controllers\Profile->index()
#6 C:\xampp\htdocs\mdmreport 6\mdmreport\vendor\codeigniter4\framework\system\CodeIgniter.php(436): CodeIgniter\CodeIgniter->runController(Object(App\Controllers\Profile))
#7 C:\xampp\htdocs\mdmreport 6\mdmreport\vendor\codeigniter4\framework\system\CodeIgniter.php(336): CodeIgniter\CodeIgniter->handleRequest(NULL, Object(Config\Cache), false)
#8 C:\xampp\htdocs\mdmreport 6\mdmreport\public\index.php(37): CodeIgniter\CodeIgniter->run()
#9 C:\xampp\htdocs\mdmreport 6\mdmreport\vendor\codeigniter4\framework\system\Commands\Server\rewrite.php(45): require_once('C:\\xampp\\htdocs...')
#10 {main}
CRITICAL - 2021-07-23 00:12:35 --> Call to undefined method CodeIgniter\View\View::session()
#0 C:\xampp\htdocs\mdmreport 6\mdmreport\vendor\codeigniter4\framework\system\View\View.php(230): include()
#1 C:\xampp\htdocs\mdmreport 6\mdmreport\vendor\codeigniter4\framework\system\View\View.php(232): CodeIgniter\View\View->CodeIgniter\View\{closure}()
#2 C:\xampp\htdocs\mdmreport 6\mdmreport\vendor\codeigniter4\framework\system\Common.php(1271): CodeIgniter\View\View->render('profile', Array, true)
#3 C:\xampp\htdocs\mdmreport 6\mdmreport\app\Controllers\Profile.php(13): view('profile')
#4 C:\xampp\htdocs\mdmreport 6\mdmreport\vendor\codeigniter4\framework\system\CodeIgniter.php(928): App\Controllers\Profile->index()
#5 C:\xampp\htdocs\mdmreport 6\mdmreport\vendor\codeigniter4\framework\system\CodeIgniter.php(436): CodeIgniter\CodeIgniter->runController(Object(App\Controllers\Profile))
#6 C:\xampp\htdocs\mdmreport 6\mdmreport\vendor\codeigniter4\framework\system\CodeIgniter.php(336): CodeIgniter\CodeIgniter->handleRequest(NULL, Object(Config\Cache), false)
#7 C:\xampp\htdocs\mdmreport 6\mdmreport\public\index.php(37): CodeIgniter\CodeIgniter->run()
#8 C:\xampp\htdocs\mdmreport 6\mdmreport\vendor\codeigniter4\framework\system\Commands\Server\rewrite.php(45): require_once('C:\\xampp\\htdocs...')
#9 {main}
CRITICAL - 2021-07-23 00:40:50 --> There is no data to update.
#0 C:\xampp\htdocs\mdmreport 6\mdmreport\vendor\codeigniter4\framework\system\BaseModel.php(896): CodeIgniter\Database\Exceptions\DataException::forEmptyDataset('update')
#1 C:\xampp\htdocs\mdmreport 6\mdmreport\vendor\codeigniter4\framework\system\Model.php(718): CodeIgniter\BaseModel->update(Array, Array)
#2 C:\xampp\htdocs\mdmreport 6\mdmreport\app\Controllers\Profile.php(42): CodeIgniter\Model->update('user5', Array)
#3 C:\xampp\htdocs\mdmreport 6\mdmreport\vendor\codeigniter4\framework\system\CodeIgniter.php(928): App\Controllers\Profile->update('user5')
#4 C:\xampp\htdocs\mdmreport 6\mdmreport\vendor\codeigniter4\framework\system\CodeIgniter.php(436): CodeIgniter\CodeIgniter->runController(Object(App\Controllers\Profile))
#5 C:\xampp\htdocs\mdmreport 6\mdmreport\vendor\codeigniter4\framework\system\CodeIgniter.php(336): CodeIgniter\CodeIgniter->handleRequest(NULL, Object(Config\Cache), false)
#6 C:\xampp\htdocs\mdmreport 6\mdmreport\public\index.php(37): CodeIgniter\CodeIgniter->run()
#7 C:\xampp\htdocs\mdmreport 6\mdmreport\vendor\codeigniter4\framework\system\Commands\Server\rewrite.php(45): require_once('C:\\xampp\\htdocs...')
#8 {main}
CRITICAL - 2021-07-23 00:45:27 --> CodeIgniter\Model::insert(): Argument #2 ($returnID) must be of type bool, array given, called in C:\xampp\htdocs\mdmreport 6\mdmreport\app\Controllers\Profile.php on line 51
#0 C:\xampp\htdocs\mdmreport 6\mdmreport\app\Controllers\Profile.php(51): CodeIgniter\Model->insert('user5', Array)
#1 C:\xampp\htdocs\mdmreport 6\mdmreport\vendor\codeigniter4\framework\system\CodeIgniter.php(928): App\Controllers\Profile->update('user5')
#2 C:\xampp\htdocs\mdmreport 6\mdmreport\vendor\codeigniter4\framework\system\CodeIgniter.php(436): CodeIgniter\CodeIgniter->runController(Object(App\Controllers\Profile))
#3 C:\xampp\htdocs\mdmreport 6\mdmreport\vendor\codeigniter4\framework\system\CodeIgniter.php(336): CodeIgniter\CodeIgniter->handleRequest(NULL, Object(Config\Cache), false)
#4 C:\xampp\htdocs\mdmreport 6\mdmreport\public\index.php(37): CodeIgniter\CodeIgniter->run()
#5 C:\xampp\htdocs\mdmreport 6\mdmreport\vendor\codeigniter4\framework\system\Commands\Server\rewrite.php(45): require_once('C:\\xampp\\htdocs...')
#6 {main}
CRITICAL - 2021-07-23 00:48:55 --> CodeIgniter\Model::insert(): Argument #2 ($returnID) must be of type bool, array given, called in C:\xampp\htdocs\mdmreport 6\mdmreport\app\Controllers\Profile.php on line 51
#0 C:\xampp\htdocs\mdmreport 6\mdmreport\app\Controllers\Profile.php(51): CodeIgniter\Model->insert('user5', Array)
#1 C:\xampp\htdocs\mdmreport 6\mdmreport\vendor\codeigniter4\framework\system\CodeIgniter.php(928): App\Controllers\Profile->update('user5')
#2 C:\xampp\htdocs\mdmreport 6\mdmreport\vendor\codeigniter4\framework\system\CodeIgniter.php(436): CodeIgniter\CodeIgniter->runController(Object(App\Controllers\Profile))
#3 C:\xampp\htdocs\mdmreport 6\mdmreport\vendor\codeigniter4\framework\system\CodeIgniter.php(336): CodeIgniter\CodeIgniter->handleRequest(NULL, Object(Config\Cache), false)
#4 C:\xampp\htdocs\mdmreport 6\mdmreport\public\index.php(37): CodeIgniter\CodeIgniter->run()
#5 C:\xampp\htdocs\mdmreport 6\mdmreport\vendor\codeigniter4\framework\system\Commands\Server\rewrite.php(45): require_once('C:\\xampp\\htdocs...')
#6 {main}
CRITICAL - 2021-07-23 00:50:35 --> There is no data to update.
#0 C:\xampp\htdocs\mdmreport 6\mdmreport\vendor\codeigniter4\framework\system\BaseModel.php(896): CodeIgniter\Database\Exceptions\DataException::forEmptyDataset('update')
#1 C:\xampp\htdocs\mdmreport 6\mdmreport\vendor\codeigniter4\framework\system\Model.php(718): CodeIgniter\BaseModel->update(Array, Array)
#2 C:\xampp\htdocs\mdmreport 6\mdmreport\app\Controllers\Profile.php(43): CodeIgniter\Model->update('user5', Array)
#3 C:\xampp\htdocs\mdmreport 6\mdmreport\vendor\codeigniter4\framework\system\CodeIgniter.php(928): App\Controllers\Profile->update('user5')
#4 C:\xampp\htdocs\mdmreport 6\mdmreport\vendor\codeigniter4\framework\system\CodeIgniter.php(436): CodeIgniter\CodeIgniter->runController(Object(App\Controllers\Profile))
#5 C:\xampp\htdocs\mdmreport 6\mdmreport\vendor\codeigniter4\framework\system\CodeIgniter.php(336): CodeIgniter\CodeIgniter->handleRequest(NULL, Object(Config\Cache), false)
#6 C:\xampp\htdocs\mdmreport 6\mdmreport\public\index.php(37): CodeIgniter\CodeIgniter->run()
#7 C:\xampp\htdocs\mdmreport 6\mdmreport\vendor\codeigniter4\framework\system\Commands\Server\rewrite.php(45): require_once('C:\\xampp\\htdocs...')
#8 {main}
CRITICAL - 2021-07-23 00:52:25 --> There is no data to update.
#0 C:\xampp\htdocs\mdmreport 6\mdmreport\vendor\codeigniter4\framework\system\BaseModel.php(896): CodeIgniter\Database\Exceptions\DataException::forEmptyDataset('update')
#1 C:\xampp\htdocs\mdmreport 6\mdmreport\vendor\codeigniter4\framework\system\Model.php(718): CodeIgniter\BaseModel->update(Array, Array)
#2 C:\xampp\htdocs\mdmreport 6\mdmreport\app\Controllers\Profile.php(43): CodeIgniter\Model->update('user5', Array)
#3 C:\xampp\htdocs\mdmreport 6\mdmreport\vendor\codeigniter4\framework\system\CodeIgniter.php(928): App\Controllers\Profile->update('user5')
#4 C:\xampp\htdocs\mdmreport 6\mdmreport\vendor\codeigniter4\framework\system\CodeIgniter.php(436): CodeIgniter\CodeIgniter->runController(Object(App\Controllers\Profile))
#5 C:\xampp\htdocs\mdmreport 6\mdmreport\vendor\codeigniter4\framework\system\CodeIgniter.php(336): CodeIgniter\CodeIgniter->handleRequest(NULL, Object(Config\Cache), false)
#6 C:\xampp\htdocs\mdmreport 6\mdmreport\public\index.php(37): CodeIgniter\CodeIgniter->run()
#7 C:\xampp\htdocs\mdmreport 6\mdmreport\vendor\codeigniter4\framework\system\Commands\Server\rewrite.php(45): require_once('C:\\xampp\\htdocs...')
#8 {main}
CRITICAL - 2021-07-23 00:56:13 --> There is no data to update.
#0 C:\xampp\htdocs\mdmreport 6\mdmreport\vendor\codeigniter4\framework\system\BaseModel.php(896): CodeIgniter\Database\Exceptions\DataException::forEmptyDataset('update')
#1 C:\xampp\htdocs\mdmreport 6\mdmreport\vendor\codeigniter4\framework\system\Model.php(718): CodeIgniter\BaseModel->update(Array, Array)
#2 C:\xampp\htdocs\mdmreport 6\mdmreport\app\Controllers\Profile.php(40): CodeIgniter\Model->update('user5', Array)
#3 C:\xampp\htdocs\mdmreport 6\mdmreport\vendor\codeigniter4\framework\system\CodeIgniter.php(928): App\Controllers\Profile->update('user5')
#4 C:\xampp\htdocs\mdmreport 6\mdmreport\vendor\codeigniter4\framework\system\CodeIgniter.php(436): CodeIgniter\CodeIgniter->runController(Object(App\Controllers\Profile))
#5 C:\xampp\htdocs\mdmreport 6\mdmreport\vendor\codeigniter4\framework\system\CodeIgniter.php(336): CodeIgniter\CodeIgniter->handleRequest(NULL, Object(Config\Cache), false)
#6 C:\xampp\htdocs\mdmreport 6\mdmreport\public\index.php(37): CodeIgniter\CodeIgniter->run()
#7 C:\xampp\htdocs\mdmreport 6\mdmreport\vendor\codeigniter4\framework\system\Commands\Server\rewrite.php(45): require_once('C:\\xampp\\htdocs...')
#8 {main}
CRITICAL - 2021-07-23 01:01:24 --> There is no data to update.
#0 C:\xampp\htdocs\mdmreport 6\mdmreport\vendor\codeigniter4\framework\system\BaseModel.php(896): CodeIgniter\Database\Exceptions\DataException::forEmptyDataset('update')
#1 C:\xampp\htdocs\mdmreport 6\mdmreport\vendor\codeigniter4\framework\system\Model.php(718): CodeIgniter\BaseModel->update(Array, Array)
#2 C:\xampp\htdocs\mdmreport 6\mdmreport\app\Controllers\Profile.php(40): CodeIgniter\Model->update('user5', Array)
#3 C:\xampp\htdocs\mdmreport 6\mdmreport\vendor\codeigniter4\framework\system\CodeIgniter.php(928): App\Controllers\Profile->update('user5')
#4 C:\xampp\htdocs\mdmreport 6\mdmreport\vendor\codeigniter4\framework\system\CodeIgniter.php(436): CodeIgniter\CodeIgniter->runController(Object(App\Controllers\Profile))
#5 C:\xampp\htdocs\mdmreport 6\mdmreport\vendor\codeigniter4\framework\system\CodeIgniter.php(336): CodeIgniter\CodeIgniter->handleRequest(NULL, Object(Config\Cache), false)
#6 C:\xampp\htdocs\mdmreport 6\mdmreport\public\index.php(37): CodeIgniter\CodeIgniter->run()
#7 C:\xampp\htdocs\mdmreport 6\mdmreport\vendor\codeigniter4\framework\system\Commands\Server\rewrite.php(45): require_once('C:\\xampp\\htdocs...')
#8 {main}
CRITICAL - 2021-07-23 01:03:09 --> There is no data to update.
#0 C:\xampp\htdocs\mdmreport 6\mdmreport\vendor\codeigniter4\framework\system\BaseModel.php(896): CodeIgniter\Database\Exceptions\DataException::forEmptyDataset('update')
#1 C:\xampp\htdocs\mdmreport 6\mdmreport\vendor\codeigniter4\framework\system\Model.php(718): CodeIgniter\BaseModel->update(Array, Array)
#2 C:\xampp\htdocs\mdmreport 6\mdmreport\app\Controllers\Profile.php(40): CodeIgniter\Model->update('user5', Array)
#3 C:\xampp\htdocs\mdmreport 6\mdmreport\vendor\codeigniter4\framework\system\CodeIgniter.php(928): App\Controllers\Profile->update('user5')
#4 C:\xampp\htdocs\mdmreport 6\mdmreport\vendor\codeigniter4\framework\system\CodeIgniter.php(436): CodeIgniter\CodeIgniter->runController(Object(App\Controllers\Profile))
#5 C:\xampp\htdocs\mdmreport 6\mdmreport\vendor\codeigniter4\framework\system\CodeIgniter.php(336): CodeIgniter\CodeIgniter->handleRequest(NULL, Object(Config\Cache), false)
#6 C:\xampp\htdocs\mdmreport 6\mdmreport\public\index.php(37): CodeIgniter\CodeIgniter->run()
#7 C:\xampp\htdocs\mdmreport 6\mdmreport\vendor\codeigniter4\framework\system\Commands\Server\rewrite.php(45): require_once('C:\\xampp\\htdocs...')
#8 {main}
CRITICAL - 2021-07-23 01:08:23 --> There is no data to update.
#0 C:\xampp\htdocs\mdmreport 6\mdmreport\vendor\codeigniter4\framework\system\BaseModel.php(896): CodeIgniter\Database\Exceptions\DataException::forEmptyDataset('update')
#1 C:\xampp\htdocs\mdmreport 6\mdmreport\vendor\codeigniter4\framework\system\Model.php(718): CodeIgniter\BaseModel->update(Array, Array)
#2 C:\xampp\htdocs\mdmreport 6\mdmreport\app\Controllers\Profile.php(52): CodeIgniter\Model->update('user5', Array)
#3 C:\xampp\htdocs\mdmreport 6\mdmreport\vendor\codeigniter4\framework\system\CodeIgniter.php(928): App\Controllers\Profile->update('user5')
#4 C:\xampp\htdocs\mdmreport 6\mdmreport\vendor\codeigniter4\framework\system\CodeIgniter.php(436): CodeIgniter\CodeIgniter->runController(Object(App\Controllers\Profile))
#5 C:\xampp\htdocs\mdmreport 6\mdmreport\vendor\codeigniter4\framework\system\CodeIgniter.php(336): CodeIgniter\CodeIgniter->handleRequest(NULL, Object(Config\Cache), false)
#6 C:\xampp\htdocs\mdmreport 6\mdmreport\public\index.php(37): CodeIgniter\CodeIgniter->run()
#7 C:\xampp\htdocs\mdmreport 6\mdmreport\vendor\codeigniter4\framework\system\Commands\Server\rewrite.php(45): require_once('C:\\xampp\\htdocs...')
#8 {main}
CRITICAL - 2021-07-23 01:16:08 --> Undefined variable $dataUser
#0 C:\xampp\htdocs\mdmreport 6\mdmreport\app\Controllers\Profile.php(44): CodeIgniter\Debug\Exceptions->errorHandler(2, 'Undefined varia...', 'C:\\xampp\\htdocs...', 44)
#1 C:\xampp\htdocs\mdmreport 6\mdmreport\vendor\codeigniter4\framework\system\CodeIgniter.php(928): App\Controllers\Profile->update('user5')
#2 C:\xampp\htdocs\mdmreport 6\mdmreport\vendor\codeigniter4\framework\system\CodeIgniter.php(436): CodeIgniter\CodeIgniter->runController(Object(App\Controllers\Profile))
#3 C:\xampp\htdocs\mdmreport 6\mdmreport\vendor\codeigniter4\framework\system\CodeIgniter.php(336): CodeIgniter\CodeIgniter->handleRequest(NULL, Object(Config\Cache), false)
#4 C:\xampp\htdocs\mdmreport 6\mdmreport\public\index.php(37): CodeIgniter\CodeIgniter->run()
#5 C:\xampp\htdocs\mdmreport 6\mdmreport\vendor\codeigniter4\framework\system\Commands\Server\rewrite.php(45): require_once('C:\\xampp\\htdocs...')
#6 {main}
CRITICAL - 2021-07-23 01:18:04 --> Undefined variable $users
#0 C:\xampp\htdocs\mdmreport 6\mdmreport\app\Controllers\Profile.php(45): CodeIgniter\Debug\Exceptions->errorHandler(2, 'Undefined varia...', 'C:\\xampp\\htdocs...', 45)
#1 C:\xampp\htdocs\mdmreport 6\mdmreport\vendor\codeigniter4\framework\system\CodeIgniter.php(928): App\Controllers\Profile->update('user5')
#2 C:\xampp\htdocs\mdmreport 6\mdmreport\vendor\codeigniter4\framework\system\CodeIgniter.php(436): CodeIgniter\CodeIgniter->runController(Object(App\Controllers\Profile))
#3 C:\xampp\htdocs\mdmreport 6\mdmreport\vendor\codeigniter4\framework\system\CodeIgniter.php(336): CodeIgniter\CodeIgniter->handleRequest(NULL, Object(Config\Cache), false)
#4 C:\xampp\htdocs\mdmreport 6\mdmreport\public\index.php(37): CodeIgniter\CodeIgniter->run()
#5 C:\xampp\htdocs\mdmreport 6\mdmreport\vendor\codeigniter4\framework\system\Commands\Server\rewrite.php(45): require_once('C:\\xampp\\htdocs...')
#6 {main}
CRITICAL - 2021-07-23 01:56:42 --> Attempt to assign property "status_pengajuan" on array
#0 C:\xampp\htdocs\mdmreport 6\mdmreport\vendor\codeigniter4\framework\system\View\View.php(230): include()
#1 C:\xampp\htdocs\mdmreport 6\mdmreport\vendor\codeigniter4\framework\system\View\View.php(232): CodeIgniter\View\View->CodeIgniter\View\{closure}()
#2 C:\xampp\htdocs\mdmreport 6\mdmreport\vendor\codeigniter4\framework\system\Common.php(1271): CodeIgniter\View\View->render('aset', Array, true)
#3 C:\xampp\htdocs\mdmreport 6\mdmreport\app\Controllers\Aset.php(28): view('aset', Array)
#4 C:\xampp\htdocs\mdmreport 6\mdmreport\vendor\codeigniter4\framework\system\CodeIgniter.php(928): App\Controllers\Aset->index()
#5 C:\xampp\htdocs\mdmreport 6\mdmreport\vendor\codeigniter4\framework\system\CodeIgniter.php(436): CodeIgniter\CodeIgniter->runController(Object(App\Controllers\Aset))
#6 C:\xampp\htdocs\mdmreport 6\mdmreport\vendor\codeigniter4\framework\system\CodeIgniter.php(336): CodeIgniter\CodeIgniter->handleRequest(NULL, Object(Config\Cache), false)
#7 C:\xampp\htdocs\mdmreport 6\mdmreport\public\index.php(37): CodeIgniter\CodeIgniter->run()
#8 C:\xampp\htdocs\mdmreport 6\mdmreport\vendor\codeigniter4\framework\system\Commands\Server\rewrite.php(45): require_once('C:\\xampp\\htdocs...')
#9 {main}
