CRITICAL - 2021-07-14 07:47:54 --> Undefined variable $role
#0 C:\xampp\htdocs\mdmreport 6\mdmreport\app\Controllers\Home.php(14): CodeIgniter\Debug\Exceptions->errorHandler(2, 'Undefined varia...', 'C:\\xampp\\htdocs...', 14)
#1 C:\xampp\htdocs\mdmreport 6\mdmreport\vendor\codeigniter4\framework\system\CodeIgniter.php(928): App\Controllers\Home->index2()
#2 C:\xampp\htdocs\mdmreport 6\mdmreport\vendor\codeigniter4\framework\system\CodeIgniter.php(436): CodeIgniter\CodeIgniter->runController(Object(App\Controllers\Home))
#3 C:\xampp\htdocs\mdmreport 6\mdmreport\vendor\codeigniter4\framework\system\CodeIgniter.php(336): CodeIgniter\CodeIgniter->handleRequest(NULL, Object(Config\Cache), false)
#4 C:\xampp\htdocs\mdmreport 6\mdmreport\public\index.php(37): CodeIgniter\CodeIgniter->run()
#5 C:\xampp\htdocs\mdmreport 6\mdmreport\vendor\codeigniter4\framework\system\Commands\Server\rewrite.php(45): require_once('C:\\xampp\\htdocs...')
#6 {main}
CRITICAL - 2021-07-14 07:49:36 --> Undefined constant "App\Controllers\admin"
#0 C:\xampp\htdocs\mdmreport 6\mdmreport\vendor\codeigniter4\framework\system\CodeIgniter.php(928): App\Controllers\Home->index2()
#1 C:\xampp\htdocs\mdmreport 6\mdmreport\vendor\codeigniter4\framework\system\CodeIgniter.php(436): CodeIgniter\CodeIgniter->runController(Object(App\Controllers\Home))
#2 C:\xampp\htdocs\mdmreport 6\mdmreport\vendor\codeigniter4\framework\system\CodeIgniter.php(336): CodeIgniter\CodeIgniter->handleRequest(NULL, Object(Config\Cache), false)
#3 C:\xampp\htdocs\mdmreport 6\mdmreport\public\index.php(37): CodeIgniter\CodeIgniter->run()
#4 C:\xampp\htdocs\mdmreport 6\mdmreport\vendor\codeigniter4\framework\system\Commands\Server\rewrite.php(45): require_once('C:\\xampp\\htdocs...')
#5 {main}
CRITICAL - 2021-07-14 07:50:09 --> Undefined variable $role
#0 C:\xampp\htdocs\mdmreport 6\mdmreport\app\Controllers\Home.php(14): CodeIgniter\Debug\Exceptions->errorHandler(2, 'Undefined varia...', 'C:\\xampp\\htdocs...', 14)
#1 C:\xampp\htdocs\mdmreport 6\mdmreport\vendor\codeigniter4\framework\system\CodeIgniter.php(928): App\Controllers\Home->index2()
#2 C:\xampp\htdocs\mdmreport 6\mdmreport\vendor\codeigniter4\framework\system\CodeIgniter.php(436): CodeIgniter\CodeIgniter->runController(Object(App\Controllers\Home))
#3 C:\xampp\htdocs\mdmreport 6\mdmreport\vendor\codeigniter4\framework\system\CodeIgniter.php(336): CodeIgniter\CodeIgniter->handleRequest(NULL, Object(Config\Cache), false)
#4 C:\xampp\htdocs\mdmreport 6\mdmreport\public\index.php(37): CodeIgniter\CodeIgniter->run()
#5 C:\xampp\htdocs\mdmreport 6\mdmreport\vendor\codeigniter4\framework\system\Commands\Server\rewrite.php(45): require_once('C:\\xampp\\htdocs...')
#6 {main}
CRITICAL - 2021-07-14 07:50:43 --> Undefined array key "role"
#0 C:\xampp\htdocs\mdmreport 6\mdmreport\app\Controllers\Home.php(14): CodeIgniter\Debug\Exceptions->errorHandler(2, 'Undefined array...', 'C:\\xampp\\htdocs...', 14)
#1 C:\xampp\htdocs\mdmreport 6\mdmreport\vendor\codeigniter4\framework\system\CodeIgniter.php(928): App\Controllers\Home->index2()
#2 C:\xampp\htdocs\mdmreport 6\mdmreport\vendor\codeigniter4\framework\system\CodeIgniter.php(436): CodeIgniter\CodeIgniter->runController(Object(App\Controllers\Home))
#3 C:\xampp\htdocs\mdmreport 6\mdmreport\vendor\codeigniter4\framework\system\CodeIgniter.php(336): CodeIgniter\CodeIgniter->handleRequest(NULL, Object(Config\Cache), false)
#4 C:\xampp\htdocs\mdmreport 6\mdmreport\public\index.php(37): CodeIgniter\CodeIgniter->run()
#5 C:\xampp\htdocs\mdmreport 6\mdmreport\vendor\codeigniter4\framework\system\Commands\Server\rewrite.php(45): require_once('C:\\xampp\\htdocs...')
#6 {main}
CRITICAL - 2021-07-14 07:51:21 --> Undefined array key "role"
#0 C:\xampp\htdocs\mdmreport 6\mdmreport\app\Controllers\Home.php(14): CodeIgniter\Debug\Exceptions->errorHandler(2, 'Undefined array...', 'C:\\xampp\\htdocs...', 14)
#1 C:\xampp\htdocs\mdmreport 6\mdmreport\vendor\codeigniter4\framework\system\CodeIgniter.php(928): App\Controllers\Home->index2()
#2 C:\xampp\htdocs\mdmreport 6\mdmreport\vendor\codeigniter4\framework\system\CodeIgniter.php(436): CodeIgniter\CodeIgniter->runController(Object(App\Controllers\Home))
#3 C:\xampp\htdocs\mdmreport 6\mdmreport\vendor\codeigniter4\framework\system\CodeIgniter.php(336): CodeIgniter\CodeIgniter->handleRequest(NULL, Object(Config\Cache), false)
#4 C:\xampp\htdocs\mdmreport 6\mdmreport\public\index.php(37): CodeIgniter\CodeIgniter->run()
#5 C:\xampp\htdocs\mdmreport 6\mdmreport\vendor\codeigniter4\framework\system\Commands\Server\rewrite.php(45): require_once('C:\\xampp\\htdocs...')
#6 {main}
CRITICAL - 2021-07-14 08:02:02 --> Undefined array key "role"
#0 C:\xampp\htdocs\mdmreport 6\mdmreport\app\Controllers\Home.php(14): CodeIgniter\Debug\Exceptions->errorHandler(2, 'Undefined array...', 'C:\\xampp\\htdocs...', 14)
#1 C:\xampp\htdocs\mdmreport 6\mdmreport\vendor\codeigniter4\framework\system\CodeIgniter.php(928): App\Controllers\Home->index2()
#2 C:\xampp\htdocs\mdmreport 6\mdmreport\vendor\codeigniter4\framework\system\CodeIgniter.php(436): CodeIgniter\CodeIgniter->runController(Object(App\Controllers\Home))
#3 C:\xampp\htdocs\mdmreport 6\mdmreport\vendor\codeigniter4\framework\system\CodeIgniter.php(336): CodeIgniter\CodeIgniter->handleRequest(NULL, Object(Config\Cache), false)
#4 C:\xampp\htdocs\mdmreport 6\mdmreport\public\index.php(37): CodeIgniter\CodeIgniter->run()
#5 C:\xampp\htdocs\mdmreport 6\mdmreport\vendor\codeigniter4\framework\system\Commands\Server\rewrite.php(45): require_once('C:\\xampp\\htdocs...')
#6 {main}
CRITICAL - 2021-07-14 08:02:17 --> Undefined array key "role"
#0 C:\xampp\htdocs\mdmreport 6\mdmreport\app\Controllers\Home.php(14): CodeIgniter\Debug\Exceptions->errorHandler(2, 'Undefined array...', 'C:\\xampp\\htdocs...', 14)
#1 C:\xampp\htdocs\mdmreport 6\mdmreport\vendor\codeigniter4\framework\system\CodeIgniter.php(928): App\Controllers\Home->index2()
#2 C:\xampp\htdocs\mdmreport 6\mdmreport\vendor\codeigniter4\framework\system\CodeIgniter.php(436): CodeIgniter\CodeIgniter->runController(Object(App\Controllers\Home))
#3 C:\xampp\htdocs\mdmreport 6\mdmreport\vendor\codeigniter4\framework\system\CodeIgniter.php(336): CodeIgniter\CodeIgniter->handleRequest(NULL, Object(Config\Cache), false)
#4 C:\xampp\htdocs\mdmreport 6\mdmreport\public\index.php(37): CodeIgniter\CodeIgniter->run()
#5 C:\xampp\htdocs\mdmreport 6\mdmreport\vendor\codeigniter4\framework\system\Commands\Server\rewrite.php(45): require_once('C:\\xampp\\htdocs...')
#6 {main}
CRITICAL - 2021-07-14 08:05:20 --> Undefined array key "role"
#0 C:\xampp\htdocs\mdmreport 6\mdmreport\app\Controllers\Home.php(14): CodeIgniter\Debug\Exceptions->errorHandler(2, 'Undefined array...', 'C:\\xampp\\htdocs...', 14)
#1 C:\xampp\htdocs\mdmreport 6\mdmreport\vendor\codeigniter4\framework\system\CodeIgniter.php(928): App\Controllers\Home->index2()
#2 C:\xampp\htdocs\mdmreport 6\mdmreport\vendor\codeigniter4\framework\system\CodeIgniter.php(436): CodeIgniter\CodeIgniter->runController(Object(App\Controllers\Home))
#3 C:\xampp\htdocs\mdmreport 6\mdmreport\vendor\codeigniter4\framework\system\CodeIgniter.php(336): CodeIgniter\CodeIgniter->handleRequest(NULL, Object(Config\Cache), false)
#4 C:\xampp\htdocs\mdmreport 6\mdmreport\public\index.php(37): CodeIgniter\CodeIgniter->run()
#5 C:\xampp\htdocs\mdmreport 6\mdmreport\vendor\codeigniter4\framework\system\Commands\Server\rewrite.php(45): require_once('C:\\xampp\\htdocs...')
#6 {main}
CRITICAL - 2021-07-14 08:06:40 --> Undefined array key "role"
#0 C:\xampp\htdocs\mdmreport 6\mdmreport\app\Controllers\Home.php(14): CodeIgniter\Debug\Exceptions->errorHandler(2, 'Undefined array...', 'C:\\xampp\\htdocs...', 14)
#1 C:\xampp\htdocs\mdmreport 6\mdmreport\vendor\codeigniter4\framework\system\CodeIgniter.php(928): App\Controllers\Home->index2()
#2 C:\xampp\htdocs\mdmreport 6\mdmreport\vendor\codeigniter4\framework\system\CodeIgniter.php(436): CodeIgniter\CodeIgniter->runController(Object(App\Controllers\Home))
#3 C:\xampp\htdocs\mdmreport 6\mdmreport\vendor\codeigniter4\framework\system\CodeIgniter.php(336): CodeIgniter\CodeIgniter->handleRequest(NULL, Object(Config\Cache), false)
#4 C:\xampp\htdocs\mdmreport 6\mdmreport\public\index.php(37): CodeIgniter\CodeIgniter->run()
#5 C:\xampp\htdocs\mdmreport 6\mdmreport\vendor\codeigniter4\framework\system\Commands\Server\rewrite.php(45): require_once('C:\\xampp\\htdocs...')
#6 {main}
CRITICAL - 2021-07-14 08:07:18 --> Undefined variable $login
#0 C:\xampp\htdocs\mdmreport 6\mdmreport\app\Controllers\Home.php(14): CodeIgniter\Debug\Exceptions->errorHandler(2, 'Undefined varia...', 'C:\\xampp\\htdocs...', 14)
#1 C:\xampp\htdocs\mdmreport 6\mdmreport\vendor\codeigniter4\framework\system\CodeIgniter.php(928): App\Controllers\Home->index2()
#2 C:\xampp\htdocs\mdmreport 6\mdmreport\vendor\codeigniter4\framework\system\CodeIgniter.php(436): CodeIgniter\CodeIgniter->runController(Object(App\Controllers\Home))
#3 C:\xampp\htdocs\mdmreport 6\mdmreport\vendor\codeigniter4\framework\system\CodeIgniter.php(336): CodeIgniter\CodeIgniter->handleRequest(NULL, Object(Config\Cache), false)
#4 C:\xampp\htdocs\mdmreport 6\mdmreport\public\index.php(37): CodeIgniter\CodeIgniter->run()
#5 C:\xampp\htdocs\mdmreport 6\mdmreport\vendor\codeigniter4\framework\system\Commands\Server\rewrite.php(45): require_once('C:\\xampp\\htdocs...')
#6 {main}
CRITICAL - 2021-07-14 08:10:42 --> Undefined variable $users
#0 C:\xampp\htdocs\mdmreport 6\mdmreport\app\Controllers\Home.php(15): CodeIgniter\Debug\Exceptions->errorHandler(2, 'Undefined varia...', 'C:\\xampp\\htdocs...', 15)
#1 C:\xampp\htdocs\mdmreport 6\mdmreport\vendor\codeigniter4\framework\system\CodeIgniter.php(928): App\Controllers\Home->index2()
#2 C:\xampp\htdocs\mdmreport 6\mdmreport\vendor\codeigniter4\framework\system\CodeIgniter.php(436): CodeIgniter\CodeIgniter->runController(Object(App\Controllers\Home))
#3 C:\xampp\htdocs\mdmreport 6\mdmreport\vendor\codeigniter4\framework\system\CodeIgniter.php(336): CodeIgniter\CodeIgniter->handleRequest(NULL, Object(Config\Cache), false)
#4 C:\xampp\htdocs\mdmreport 6\mdmreport\public\index.php(37): CodeIgniter\CodeIgniter->run()
#5 C:\xampp\htdocs\mdmreport 6\mdmreport\vendor\codeigniter4\framework\system\Commands\Server\rewrite.php(45): require_once('C:\\xampp\\htdocs...')
#6 {main}
CRITICAL - 2021-07-14 08:10:59 --> Class "App\Controllers\UsersModel" not found
#0 C:\xampp\htdocs\mdmreport 6\mdmreport\vendor\codeigniter4\framework\system\CodeIgniter.php(928): App\Controllers\Home->index2()
#1 C:\xampp\htdocs\mdmreport 6\mdmreport\vendor\codeigniter4\framework\system\CodeIgniter.php(436): CodeIgniter\CodeIgniter->runController(Object(App\Controllers\Home))
#2 C:\xampp\htdocs\mdmreport 6\mdmreport\vendor\codeigniter4\framework\system\CodeIgniter.php(336): CodeIgniter\CodeIgniter->handleRequest(NULL, Object(Config\Cache), false)
#3 C:\xampp\htdocs\mdmreport 6\mdmreport\public\index.php(37): CodeIgniter\CodeIgniter->run()
#4 C:\xampp\htdocs\mdmreport 6\mdmreport\vendor\codeigniter4\framework\system\Commands\Server\rewrite.php(45): require_once('C:\\xampp\\htdocs...')
#5 {main}
CRITICAL - 2021-07-14 08:11:14 --> Attempt to read property "role" on null
#0 C:\xampp\htdocs\mdmreport 6\mdmreport\app\Controllers\Home.php(20): CodeIgniter\Debug\Exceptions->errorHandler(2, 'Attempt to read...', 'C:\\xampp\\htdocs...', 20)
#1 C:\xampp\htdocs\mdmreport 6\mdmreport\vendor\codeigniter4\framework\system\CodeIgniter.php(928): App\Controllers\Home->index2()
#2 C:\xampp\htdocs\mdmreport 6\mdmreport\vendor\codeigniter4\framework\system\CodeIgniter.php(436): CodeIgniter\CodeIgniter->runController(Object(App\Controllers\Home))
#3 C:\xampp\htdocs\mdmreport 6\mdmreport\vendor\codeigniter4\framework\system\CodeIgniter.php(336): CodeIgniter\CodeIgniter->handleRequest(NULL, Object(Config\Cache), false)
#4 C:\xampp\htdocs\mdmreport 6\mdmreport\public\index.php(37): CodeIgniter\CodeIgniter->run()
#5 C:\xampp\htdocs\mdmreport 6\mdmreport\vendor\codeigniter4\framework\system\Commands\Server\rewrite.php(45): require_once('C:\\xampp\\htdocs...')
#6 {main}
CRITICAL - 2021-07-14 08:23:56 --> Attempt to read property "role" on null
#0 C:\xampp\htdocs\mdmreport 6\mdmreport\app\Controllers\Home.php(19): CodeIgniter\Debug\Exceptions->errorHandler(2, 'Attempt to read...', 'C:\\xampp\\htdocs...', 19)
#1 C:\xampp\htdocs\mdmreport 6\mdmreport\vendor\codeigniter4\framework\system\CodeIgniter.php(928): App\Controllers\Home->index2()
#2 C:\xampp\htdocs\mdmreport 6\mdmreport\vendor\codeigniter4\framework\system\CodeIgniter.php(436): CodeIgniter\CodeIgniter->runController(Object(App\Controllers\Home))
#3 C:\xampp\htdocs\mdmreport 6\mdmreport\vendor\codeigniter4\framework\system\CodeIgniter.php(336): CodeIgniter\CodeIgniter->handleRequest(NULL, Object(Config\Cache), false)
#4 C:\xampp\htdocs\mdmreport 6\mdmreport\public\index.php(37): CodeIgniter\CodeIgniter->run()
#5 C:\xampp\htdocs\mdmreport 6\mdmreport\vendor\codeigniter4\framework\system\Commands\Server\rewrite.php(45): require_once('C:\\xampp\\htdocs...')
#6 {main}
CRITICAL - 2021-07-14 08:25:56 --> Undefined variable $username
#0 C:\xampp\htdocs\mdmreport 6\mdmreport\app\Controllers\Home.php(18): CodeIgniter\Debug\Exceptions->errorHandler(2, 'Undefined varia...', 'C:\\xampp\\htdocs...', 18)
#1 C:\xampp\htdocs\mdmreport 6\mdmreport\vendor\codeigniter4\framework\system\CodeIgniter.php(928): App\Controllers\Home->index2()
#2 C:\xampp\htdocs\mdmreport 6\mdmreport\vendor\codeigniter4\framework\system\CodeIgniter.php(436): CodeIgniter\CodeIgniter->runController(Object(App\Controllers\Home))
#3 C:\xampp\htdocs\mdmreport 6\mdmreport\vendor\codeigniter4\framework\system\CodeIgniter.php(336): CodeIgniter\CodeIgniter->handleRequest(NULL, Object(Config\Cache), false)
#4 C:\xampp\htdocs\mdmreport 6\mdmreport\public\index.php(37): CodeIgniter\CodeIgniter->run()
#5 C:\xampp\htdocs\mdmreport 6\mdmreport\vendor\codeigniter4\framework\system\Commands\Server\rewrite.php(45): require_once('C:\\xampp\\htdocs...')
#6 {main}
CRITICAL - 2021-07-14 08:26:07 --> Attempt to read property "role" on null
#0 C:\xampp\htdocs\mdmreport 6\mdmreport\app\Controllers\Home.php(19): CodeIgniter\Debug\Exceptions->errorHandler(2, 'Attempt to read...', 'C:\\xampp\\htdocs...', 19)
#1 C:\xampp\htdocs\mdmreport 6\mdmreport\vendor\codeigniter4\framework\system\CodeIgniter.php(928): App\Controllers\Home->index2()
#2 C:\xampp\htdocs\mdmreport 6\mdmreport\vendor\codeigniter4\framework\system\CodeIgniter.php(436): CodeIgniter\CodeIgniter->runController(Object(App\Controllers\Home))
#3 C:\xampp\htdocs\mdmreport 6\mdmreport\vendor\codeigniter4\framework\system\CodeIgniter.php(336): CodeIgniter\CodeIgniter->handleRequest(NULL, Object(Config\Cache), false)
#4 C:\xampp\htdocs\mdmreport 6\mdmreport\public\index.php(37): CodeIgniter\CodeIgniter->run()
#5 C:\xampp\htdocs\mdmreport 6\mdmreport\vendor\codeigniter4\framework\system\Commands\Server\rewrite.php(45): require_once('C:\\xampp\\htdocs...')
#6 {main}
CRITICAL - 2021-07-14 08:26:42 --> Attempt to read property "role" on null
#0 C:\xampp\htdocs\mdmreport 6\mdmreport\app\Controllers\Home.php(20): CodeIgniter\Debug\Exceptions->errorHandler(2, 'Attempt to read...', 'C:\\xampp\\htdocs...', 20)
#1 C:\xampp\htdocs\mdmreport 6\mdmreport\vendor\codeigniter4\framework\system\CodeIgniter.php(928): App\Controllers\Home->index2()
#2 C:\xampp\htdocs\mdmreport 6\mdmreport\vendor\codeigniter4\framework\system\CodeIgniter.php(436): CodeIgniter\CodeIgniter->runController(Object(App\Controllers\Home))
#3 C:\xampp\htdocs\mdmreport 6\mdmreport\vendor\codeigniter4\framework\system\CodeIgniter.php(336): CodeIgniter\CodeIgniter->handleRequest(NULL, Object(Config\Cache), false)
#4 C:\xampp\htdocs\mdmreport 6\mdmreport\public\index.php(37): CodeIgniter\CodeIgniter->run()
#5 C:\xampp\htdocs\mdmreport 6\mdmreport\vendor\codeigniter4\framework\system\Commands\Server\rewrite.php(45): require_once('C:\\xampp\\htdocs...')
#6 {main}
CRITICAL - 2021-07-14 08:26:53 --> Attempt to read property "userrole" on null
#0 C:\xampp\htdocs\mdmreport 6\mdmreport\app\Controllers\Home.php(20): CodeIgniter\Debug\Exceptions->errorHandler(2, 'Attempt to read...', 'C:\\xampp\\htdocs...', 20)
#1 C:\xampp\htdocs\mdmreport 6\mdmreport\vendor\codeigniter4\framework\system\CodeIgniter.php(928): App\Controllers\Home->index2()
#2 C:\xampp\htdocs\mdmreport 6\mdmreport\vendor\codeigniter4\framework\system\CodeIgniter.php(436): CodeIgniter\CodeIgniter->runController(Object(App\Controllers\Home))
#3 C:\xampp\htdocs\mdmreport 6\mdmreport\vendor\codeigniter4\framework\system\CodeIgniter.php(336): CodeIgniter\CodeIgniter->handleRequest(NULL, Object(Config\Cache), false)
#4 C:\xampp\htdocs\mdmreport 6\mdmreport\public\index.php(37): CodeIgniter\CodeIgniter->run()
#5 C:\xampp\htdocs\mdmreport 6\mdmreport\vendor\codeigniter4\framework\system\Commands\Server\rewrite.php(45): require_once('C:\\xampp\\htdocs...')
#6 {main}
CRITICAL - 2021-07-14 09:01:44 --> syntax error, unexpected identifier "jpg", expecting ")"
#0 C:\xampp\htdocs\mdmreport 6\mdmreport\vendor\codeigniter4\framework\system\View\View.php(232): CodeIgniter\View\View->CodeIgniter\View\{closure}()
#1 C:\xampp\htdocs\mdmreport 6\mdmreport\vendor\codeigniter4\framework\system\Common.php(1271): CodeIgniter\View\View->render('login', Array, true)
#2 C:\xampp\htdocs\mdmreport 6\mdmreport\app\Controllers\Login.php(11): view('login')
#3 C:\xampp\htdocs\mdmreport 6\mdmreport\vendor\codeigniter4\framework\system\CodeIgniter.php(928): App\Controllers\Login->index()
#4 C:\xampp\htdocs\mdmreport 6\mdmreport\vendor\codeigniter4\framework\system\CodeIgniter.php(436): CodeIgniter\CodeIgniter->runController(Object(App\Controllers\Login))
#5 C:\xampp\htdocs\mdmreport 6\mdmreport\vendor\codeigniter4\framework\system\CodeIgniter.php(336): CodeIgniter\CodeIgniter->handleRequest(NULL, Object(Config\Cache), false)
#6 C:\xampp\htdocs\mdmreport 6\mdmreport\public\index.php(37): CodeIgniter\CodeIgniter->run()
#7 C:\xampp\htdocs\mdmreport 6\mdmreport\vendor\codeigniter4\framework\system\Commands\Server\rewrite.php(45): require_once('C:\\xampp\\htdocs...')
#8 {main}
