ERROR - 2021-07-08 05:55:51 --> Error connecting to the database: Access denied for user ''@'localhost' (using password: NO)
CRITICAL - 2021-07-08 06:50:55 --> Undefined property: App\Controllers\Aktivitas::$aktvitas
#0 C:\xampp\htdocs\mdmreport\app\Controllers\Aktivitas.php(60): CodeIgniter\Debug\Exceptions->errorHandler(2, 'Undefined prope...', 'C:\\xampp\\htdocs...', 60)
#1 C:\xampp\htdocs\mdmreport\vendor\codeigniter4\framework\system\CodeIgniter.php(928): App\Controllers\Aktivitas->proses()
#2 C:\xampp\htdocs\mdmreport\vendor\codeigniter4\framework\system\CodeIgniter.php(436): CodeIgniter\CodeIgniter->runController(Object(App\Controllers\Aktivitas))
#3 C:\xampp\htdocs\mdmreport\vendor\codeigniter4\framework\system\CodeIgniter.php(336): CodeIgniter\CodeIgniter->handleRequest(NULL, Object(Config\Cache), false)
#4 C:\xampp\htdocs\mdmreport\public\index.php(37): CodeIgniter\CodeIgniter->run()
#5 C:\xampp\htdocs\mdmreport\vendor\codeigniter4\framework\system\Commands\Server\rewrite.php(45): require_once('C:\\xampp\\htdocs...')
#6 {main}
CRITICAL - 2021-07-08 06:54:29 --> Undefined property: App\Controllers\Aktivitas::$aktvitas
#0 C:\xampp\htdocs\mdmreport\app\Controllers\Aktivitas.php(60): CodeIgniter\Debug\Exceptions->errorHandler(2, 'Undefined prope...', 'C:\\xampp\\htdocs...', 60)
#1 C:\xampp\htdocs\mdmreport\vendor\codeigniter4\framework\system\CodeIgniter.php(928): App\Controllers\Aktivitas->proses()
#2 C:\xampp\htdocs\mdmreport\vendor\codeigniter4\framework\system\CodeIgniter.php(436): CodeIgniter\CodeIgniter->runController(Object(App\Controllers\Aktivitas))
#3 C:\xampp\htdocs\mdmreport\vendor\codeigniter4\framework\system\CodeIgniter.php(336): CodeIgniter\CodeIgniter->handleRequest(NULL, Object(Config\Cache), false)
#4 C:\xampp\htdocs\mdmreport\public\index.php(37): CodeIgniter\CodeIgniter->run()
#5 C:\xampp\htdocs\mdmreport\vendor\codeigniter4\framework\system\Commands\Server\rewrite.php(45): require_once('C:\\xampp\\htdocs...')
#6 {main}
CRITICAL - 2021-07-08 07:18:36 --> Undefined variable $id
#0 C:\xampp\htdocs\mdmreport\app\Controllers\Aktivitas.php(72): CodeIgniter\Debug\Exceptions->errorHandler(2, 'Undefined varia...', 'C:\\xampp\\htdocs...', 72)
#1 C:\xampp\htdocs\mdmreport\vendor\codeigniter4\framework\system\CodeIgniter.php(928): App\Controllers\Aktivitas->edit('3')
#2 C:\xampp\htdocs\mdmreport\vendor\codeigniter4\framework\system\CodeIgniter.php(436): CodeIgniter\CodeIgniter->runController(Object(App\Controllers\Aktivitas))
#3 C:\xampp\htdocs\mdmreport\vendor\codeigniter4\framework\system\CodeIgniter.php(336): CodeIgniter\CodeIgniter->handleRequest(NULL, Object(Config\Cache), false)
#4 C:\xampp\htdocs\mdmreport\public\index.php(37): CodeIgniter\CodeIgniter->run()
#5 C:\xampp\htdocs\mdmreport\vendor\codeigniter4\framework\system\Commands\Server\rewrite.php(45): require_once('C:\\xampp\\htdocs...')
#6 {main}
CRITICAL - 2021-07-08 07:47:00 --> Undefined variable $id
#0 C:\xampp\htdocs\mdmreport\app\Controllers\Aktivitas.php(72): CodeIgniter\Debug\Exceptions->errorHandler(2, 'Undefined varia...', 'C:\\xampp\\htdocs...', 72)
#1 C:\xampp\htdocs\mdmreport\vendor\codeigniter4\framework\system\CodeIgniter.php(928): App\Controllers\Aktivitas->edit('4')
#2 C:\xampp\htdocs\mdmreport\vendor\codeigniter4\framework\system\CodeIgniter.php(436): CodeIgniter\CodeIgniter->runController(Object(App\Controllers\Aktivitas))
#3 C:\xampp\htdocs\mdmreport\vendor\codeigniter4\framework\system\CodeIgniter.php(336): CodeIgniter\CodeIgniter->handleRequest(NULL, Object(Config\Cache), false)
#4 C:\xampp\htdocs\mdmreport\public\index.php(37): CodeIgniter\CodeIgniter->run()
#5 C:\xampp\htdocs\mdmreport\vendor\codeigniter4\framework\system\Commands\Server\rewrite.php(45): require_once('C:\\xampp\\htdocs...')
#6 {main}
CRITICAL - 2021-07-08 07:51:48 --> Undefined variable $id_aktivitas
#0 C:\xampp\htdocs\mdmreport\app\Views\aktivitas\index.php(41): CodeIgniter\Debug\Exceptions->errorHandler(2, 'Undefined varia...', 'C:\\xampp\\htdocs...', 41)
#1 C:\xampp\htdocs\mdmreport\vendor\codeigniter4\framework\system\View\View.php(230): include('C:\\xampp\\htdocs...')
#2 C:\xampp\htdocs\mdmreport\vendor\codeigniter4\framework\system\View\View.php(232): CodeIgniter\View\View->CodeIgniter\View\{closure}()
#3 C:\xampp\htdocs\mdmreport\vendor\codeigniter4\framework\system\Common.php(1271): CodeIgniter\View\View->render('aktivitas/index', Array, true)
#4 C:\xampp\htdocs\mdmreport\app\Controllers\Aktivitas.php(19): view('aktivitas/index', Array)
#5 C:\xampp\htdocs\mdmreport\vendor\codeigniter4\framework\system\CodeIgniter.php(928): App\Controllers\Aktivitas->index()
#6 C:\xampp\htdocs\mdmreport\vendor\codeigniter4\framework\system\CodeIgniter.php(436): CodeIgniter\CodeIgniter->runController(Object(App\Controllers\Aktivitas))
#7 C:\xampp\htdocs\mdmreport\vendor\codeigniter4\framework\system\CodeIgniter.php(336): CodeIgniter\CodeIgniter->handleRequest(NULL, Object(Config\Cache), false)
#8 C:\xampp\htdocs\mdmreport\public\index.php(37): CodeIgniter\CodeIgniter->run()
#9 C:\xampp\htdocs\mdmreport\vendor\codeigniter4\framework\system\Commands\Server\rewrite.php(45): require_once('C:\\xampp\\htdocs...')
#10 {main}
